{"numTotalTestSuites":190,"numPassedTestSuites":184,"numFailedTestSuites":6,"numPendingTestSuites":0,"numTotalTests":592,"numPassedTests":587,"numFailedTests":5,"numPendingTests":0,"numTodoTests":0,"snapshot":{"added":0,"failure":false,"filesAdded":0,"filesRemoved":0,"filesRemovedList":[],"filesUnmatched":0,"filesUpdated":0,"matched":0,"total":0,"unchecked":0,"uncheckedKeysByFile":[],"unmatched":0,"updated":0,"didUpdate":false},"startTime":1778132402781,"success":false,"testResults":[{"assertionResults":[{"ancestorTitles":["BannerMessage"],"fullName":"BannerMessage renders the message text","status":"passed","title":"renders the message text","duration":1078.2880769999974,"failureMessages":[],"meta":{},"tags":[]},{"ancestorTitles":["BannerMessage"],"fullName":"BannerMessage has role=\"alert\" for screen readers","status":"passed","title":"has role=\"alert\" for screen readers","duration":3825.7959960000007,"failureMessages":[],"meta":{},"tags":[]},{"ancestorTitles":["BannerMessage"],"fullName":"BannerMessage applies the correct type class for success","status":"passed","title":"applies the correct type class for success","duration":146.69426400000157,"failureMessages":[],"meta":{},"tags":[]},{"ancestorTitles":["BannerMessage"],"fullName":"BannerMessage applies the correct type class for error","status":"passed","title":"applies the correct type class for error","duration":92.61800500000027,"failureMessages":[],"meta":{},"tags":[]},{"ancestorTitles":["BannerMessage"],"fullName":"BannerMessage applies the correct type class for warning","status":"passed","title":"applies the correct type class for warning","duration":19.657438999998703,"failureMessages":[],"meta":{},"tags":[]},{"ancestorTitles":["BannerMessage"],"fullName":"BannerMessage applies the correct type class for info","status":"passed","title":"applies the correct type class for info","duration":116.65185399999973,"failureMessages":[],"meta":{},"tags":[]}],"startTime":1778132607592,"endTime":1778132612872.6519,"status":"passed","message":"","name":"/Users/ry/code/wev/wev-bulletin/components/BannerMessage.test.tsx"},{"assertionResults":[{"ancestorTitles":["BulletinPageView"],"fullName":"BulletinPageView wires listing and admin action props from hook state","status":"passed","title":"wires listing and admin action props from hook state","duration":7787.457150999995,"failureMessages":[],"meta":{},"tags":[]},{"ancestorTitles":["BulletinPageView"],"fullName":"BulletinPageView hides admin actions and match sorting when no user context is available","status":"passed","title":"hides admin actions and match sorting when no user context is available","duration":1301.819300999996,"failureMessages":[],"meta":{},"tags":[]}],"startTime":1778132597687,"endTime":1778132606775.8193,"status":"passed","message":"","name":"/Users/ry/code/wev/wev-bulletin/components/BulletinPageView.test.tsx"},{"assertionResults":[{"ancestorTitles":["Button"],"fullName":"Button renders children text","status":"passed","title":"renders children text","duration":4890.809860999998,"failureMessages":[],"meta":{},"tags":[]},{"ancestorTitles":["Button"],"fullName":"Button defaults to type=\"button\"","status":"passed","title":"defaults to type=\"button\"","duration":691.9336089999997,"failureMessages":[],"meta":{},"tags":[]},{"ancestorTitles":["Button"],"fullName":"Button accepts type=\"submit\"","status":"passed","title":"accepts type=\"submit\"","duration":514.7902119999999,"failureMessages":[],"meta":{},"tags":[]},{"ancestorTitles":["Button"],"fullName":"Button calls onClick when clicked","status":"passed","title":"calls onClick when clicked","duration":1050.3759250000003,"failureMessages":[],"meta":{},"tags":[]},{"ancestorTitles":["Button"],"fullName":"Button is disabled when disabled prop is true","status":"passed","title":"is disabled when disabled prop is true","duration":548.6412689999997,"failureMessages":[],"meta":{},"tags":[]},{"ancestorTitles":["Button"],"fullName":"Button is disabled when loading is true","status":"passed","title":"is disabled when loading is true","duration":439.0893419999993,"failureMessages":[],"meta":{},"tags":[]},{"ancestorTitles":["Button"],"fullName":"Button does not call onClick when disabled","status":"passed","title":"does not call onClick when disabled","duration":541.6920200000022,"failureMessages":[],"meta":{},"tags":[]},{"ancestorTitles":["Button"],"fullName":"Button applies variant classes","status":"passed","title":"applies variant classes","duration":841.7655999999988,"failureMessages":[],"meta":{},"tags":[]},{"ancestorTitles":["Button"],"fullName":"Button applies size classes","status":"passed","title":"applies size classes","duration":334.991492000001,"failureMessages":[],"meta":{},"tags":[]},{"ancestorTitles":["Button"],"fullName":"Button applies fullWidth class when true","status":"passed","title":"applies fullWidth class when true","duration":303.84528699999646,"failureMessages":[],"meta":{},"tags":[]}],"startTime":1778132588566,"endTime":1778132598724.8452,"status":"passed","message":"","name":"/Users/ry/code/wev/wev-bulletin/components/Button.test.tsx"},{"assertionResults":[{"ancestorTitles":["CheckEmailCard"],"fullName":"CheckEmailCard renders the shared check email UI and counts down from 30s","status":"passed","title":"renders the shared check email UI and counts down from 30s","duration":7937.215533999999,"failureMessages":[],"meta":{},"tags":[]}],"startTime":1778132593743,"endTime":1778132601680.2156,"status":"passed","message":"","name":"/Users/ry/code/wev/wev-bulletin/components/CheckEmailCard.test.tsx"},{"assertionResults":[{"ancestorTitles":["CopyPageJobsButton"],"fullName":"CopyPageJobsButton copies only the provided jobs in the given order","status":"passed","title":"copies only the provided jobs in the given order","duration":6314.724442999999,"failureMessages":[],"meta":{},"tags":[]},{"ancestorTitles":["CopyPageJobsButton"],"fullName":"CopyPageJobsButton does not include jobs that were not passed in","status":"passed","title":"does not include jobs that were not passed in","duration":878.0715249999994,"failureMessages":[],"meta":{},"tags":[]},{"ancestorTitles":["CopyPageJobsButton"],"fullName":"CopyPageJobsButton shows \"Copied!\" after a successful copy","status":"passed","title":"shows \"Copied!\" after a successful copy","duration":1819.9357229999987,"failureMessages":[],"meta":{},"tags":[]},{"ancestorTitles":["CopyPageJobsButton"],"fullName":"CopyPageJobsButton renders a disabled button when there are no jobs","status":"passed","title":"renders a disabled button when there are no jobs","duration":632.9539129999976,"failureMessages":[],"meta":{},"tags":[]}],"startTime":1778132570467,"endTime":1778132580112.9539,"status":"passed","message":"","name":"/Users/ry/code/wev/wev-bulletin/components/CopyPageJobsButton.test.tsx"},{"assertionResults":[{"ancestorTitles":["DeleteAccountModal"],"fullName":"DeleteAccountModal does not render when closed","status":"passed","title":"does not render when closed","duration":1243.0233060000028,"failureMessages":[],"meta":{},"tags":[]},{"ancestorTitles":["DeleteAccountModal"],"fullName":"DeleteAccountModal renders modal content when open","status":"passed","title":"renders modal content when open","duration":8662.208268999995,"failureMessages":[],"meta":{},"tags":[]},{"ancestorTitles":["DeleteAccountModal"],"fullName":"DeleteAccountModal has form fields and buttons","status":"passed","title":"has form fields and buttons","duration":3690.960180000002,"failureMessages":[],"meta":{},"tags":[]},{"ancestorTitles":["DeleteAccountModal"],"fullName":"DeleteAccountModal calls onClose when cancel button is clicked","status":"passed","title":"calls onClose when cancel button is clicked","duration":2600.008533,"failureMessages":[],"meta":{},"tags":[]},{"ancestorTitles":["DeleteAccountModal"],"fullName":"DeleteAccountModal shows error when password is missing","status":"passed","title":"shows error when password is missing","duration":8110.679513999996,"failureMessages":[],"meta":{},"tags":[]},{"ancestorTitles":["DeleteAccountModal"],"fullName":"DeleteAccountModal shows error when confirmation is wrong","status":"passed","title":"shows error when confirmation is wrong","duration":11813.887133000011,"failureMessages":[],"meta":{},"tags":[]},{"ancestorTitles":["DeleteAccountModal"],"fullName":"DeleteAccountModal successfully deletes account","status":"passed","title":"successfully deletes account","duration":12521.358452999993,"failureMessages":[],"meta":{},"tags":[]},{"ancestorTitles":["DeleteAccountModal"],"fullName":"DeleteAccountModal handles API error","status":"passed","title":"handles API error","duration":13342.461926000004,"failureMessages":[],"meta":{},"tags":[]},{"ancestorTitles":["DeleteAccountModal"],"fullName":"DeleteAccountModal shows loading state during deletion","status":"passed","title":"shows loading state during deletion","duration":14050.127403999999,"failureMessages":[],"meta":{},"tags":[]},{"ancestorTitles":["DeleteAccountModal"],"fullName":"DeleteAccountModal accepts SUPPRIMER for French locale","status":"passed","title":"accepts SUPPRIMER for French locale","duration":14109.913333999997,"failureMessages":[],"meta":{},"tags":[]}],"startTime":1778132451926,"endTime":1778132542069.9133,"status":"passed","message":"","name":"/Users/ry/code/wev/wev-bulletin/components/DeleteAccountModal.test.tsx"},{"assertionResults":[{"ancestorTitles":["ErrorMessage"],"fullName":"ErrorMessage renders children text","status":"passed","title":"renders children text","duration":4212.977469999998,"failureMessages":[],"meta":{},"tags":[]},{"ancestorTitles":["ErrorMessage"],"fullName":"ErrorMessage renders as a paragraph element","status":"passed","title":"renders as a paragraph element","duration":61.2497190000031,"failureMessages":[],"meta":{},"tags":[]},{"ancestorTitles":["ErrorMessage"],"fullName":"ErrorMessage applies custom className","status":"passed","title":"applies custom className","duration":69.04388499999914,"failureMessages":[],"meta":{},"tags":[]},{"ancestorTitles":["ErrorMessage"],"fullName":"ErrorMessage always includes the error text color class","status":"passed","title":"always includes the error text color class","duration":105.63336999999956,"failureMessages":[],"meta":{},"tags":[]}],"startTime":1778132621493,"endTime":1778132626045.6333,"status":"passed","message":"","name":"/Users/ry/code/wev/wev-bulletin/components/ErrorMessage.test.tsx"},{"assertionResults":[{"ancestorTitles":["ExpandablePills"],"fullName":"ExpandablePills renders collapsed state by default","status":"passed","title":"renders collapsed state by default","duration":6780.440133,"failureMessages":[],"meta":{},"tags":[]},{"ancestorTitles":["ExpandablePills"],"fullName":"ExpandablePills expands when summary pill chevron is clicked","status":"passed","title":"expands when summary pill chevron is clicked","duration":4125.336594,"failureMessages":[],"meta":{},"tags":[]},{"ancestorTitles":["ExpandablePills"],"fullName":"ExpandablePills shows collapse button at end when expanded","status":"passed","title":"shows collapse button at end when expanded","duration":1684.982501999999,"failureMessages":[],"meta":{},"tags":[]},{"ancestorTitles":["ExpandablePills"],"fullName":"ExpandablePills collapses when end collapse button is clicked","status":"passed","title":"collapses when end collapse button is clicked","duration":3708.571291,"failureMessages":[],"meta":{},"tags":[]},{"ancestorTitles":["ExpandablePills"],"fullName":"ExpandablePills updates tooltip text when expanded","status":"passed","title":"updates tooltip text when expanded","duration":1331.4039140000023,"failureMessages":[],"meta":{},"tags":[]},{"ancestorTitles":["ExpandablePills"],"fullName":"ExpandablePills applies correct matched state to collapse button","status":"passed","title":"applies correct matched state to collapse button","duration":1496.3717920000054,"failureMessages":[],"meta":{},"tags":[]},{"ancestorTitles":["ExpandablePills"],"fullName":"ExpandablePills handles multiple groups independently","status":"passed","title":"handles multiple groups independently","duration":2458.2772470000054,"failureMessages":[],"meta":{},"tags":[]},{"ancestorTitles":["ExpandablePills"],"fullName":"ExpandablePills renders preItems before groups","status":"passed","title":"renders preItems before groups","duration":2217.1782699999967,"failureMessages":[],"meta":{},"tags":[]}],"startTime":1778132507443,"endTime":1778132531246.1782,"status":"passed","message":"","name":"/Users/ry/code/wev/wev-bulletin/components/ExpandablePills.test.tsx"},{"assertionResults":[{"ancestorTitles":["JobCard"],"fullName":"JobCard renders job details when the card is expanded","status":"passed","title":"renders job details when the card is expanded","duration":8482.457056,"failureMessages":[],"meta":{},"tags":[]},{"ancestorTitles":["JobCard"],"fullName":"JobCard shows a bookmark button and a collapse button","status":"passed","title":"shows a bookmark button and a collapse button","duration":1359.9419100000014,"failureMessages":[],"meta":{},"tags":[]},{"ancestorTitles":["JobCard"],"fullName":"JobCard collapses and expands the card body when the toggle button is clicked","status":"passed","title":"collapses and expands the card body when the toggle button is clicked","duration":2705.700266,"failureMessages":[],"meta":{},"tags":[]},{"ancestorTitles":["JobCard"],"fullName":"JobCard redirects an unauthenticated user to /login when clicking bookmark","status":"passed","title":"redirects an unauthenticated user to /login when clicking bookmark","duration":1007.7038559999928,"failureMessages":[],"meta":{},"tags":[]},{"ancestorTitles":["JobCard"],"fullName":"JobCard toggles the bookmark state for an authenticated user","status":"passed","title":"toggles the bookmark state for an authenticated user","duration":1982.9507580000063,"failureMessages":[],"meta":{},"tags":[]},{"ancestorTitles":["JobCard"],"fullName":"JobCard shows the SSE toggle button for admin users","status":"passed","title":"shows the SSE toggle button for admin users","duration":1076.8743080000058,"failureMessages":[],"meta":{},"tags":[]},{"ancestorTitles":["JobCard"],"fullName":"JobCard does not show the SSE toggle button for non-admin users","status":"passed","title":"does not show the SSE toggle button for non-admin users","duration":797.0302499999962,"failureMessages":[],"meta":{},"tags":[]},{"ancestorTitles":["JobCard"],"fullName":"JobCard shows the match score and value pills for a logged-in user with a match","status":"passed","title":"shows the match score and value pills for a logged-in user with a match","duration":4247.938796000002,"failureMessages":[],"meta":{},"tags":[]},{"ancestorTitles":["JobCard"],"fullName":"JobCard shows a loading state for match details while user metadata is fetching","status":"passed","title":"shows a loading state for match details while user metadata is fetching","duration":1324.1764709999989,"failureMessages":[],"meta":{},"tags":[]},{"ancestorTitles":["JobCard"],"fullName":"JobCard caps displayed skills to five pills for users","status":"passed","title":"caps displayed skills to five pills for users","duration":4643.882519999999,"failureMessages":[],"meta":{},"tags":[]}],"startTime":1778132452836,"endTime":1778132480465.8826,"status":"passed","message":"","name":"/Users/ry/code/wev/wev-bulletin/components/JobCard.test.tsx"},{"assertionResults":[{"ancestorTitles":["JobListings empty state"],"fullName":"JobListings empty state does not show clear button when there are no filters applied","status":"passed","title":"does not show clear button when there are no filters applied","duration":5076.832975000001,"failureMessages":[],"meta":{},"tags":[]},{"ancestorTitles":["JobListings empty state"],"fullName":"JobListings empty state does not show clear button when total jobs is 0 (database is empty)","status":"passed","title":"does not show clear button when total jobs is 0 (database is empty)","duration":774.0059390000024,"failureMessages":[],"meta":{},"tags":[]},{"ancestorTitles":["JobListings empty state"],"fullName":"JobListings empty state shows clear button and filtered counts when filters hide all jobs","status":"passed","title":"shows clear button and filtered counts when filters hide all jobs","duration":2510.1848640000026,"failureMessages":[],"meta":{},"tags":[]},{"ancestorTitles":["JobListings empty state"],"fullName":"JobListings empty state shows the edit profile link when user is logged in and filters hide all jobs","status":"passed","title":"shows the edit profile link when user is logged in and filters hide all jobs","duration":1097.177595999994,"failureMessages":[],"meta":{},"tags":[]},{"ancestorTitles":["JobListings empty state"],"fullName":"JobListings empty state hides the edit profile link when user is logged out","status":"passed","title":"hides the edit profile link when user is logged out","duration":520.0086549999978,"failureMessages":[],"meta":{},"tags":[]},{"ancestorTitles":["JobListings empty state"],"fullName":"JobListings empty state calls clearAllFilters when the clear button is clicked","status":"passed","title":"calls clearAllFilters when the clear button is clicked","duration":1136.1660760000013,"failureMessages":[],"meta":{},"tags":[]}],"startTime":1778132571156,"endTime":1778132582271.166,"status":"passed","message":"","name":"/Users/ry/code/wev/wev-bulletin/components/JobListings.test.tsx"},{"assertionResults":[{"ancestorTitles":["JobSearch"],"fullName":"JobSearch renders the search input with an accessible label","status":"passed","title":"renders the search input with an accessible label","duration":6261.967935000001,"failureMessages":[],"meta":{},"tags":[]},{"ancestorTitles":["JobSearch"],"fullName":"JobSearch shows the current search query in the input","status":"passed","title":"shows the current search query in the input","duration":193.17524000000049,"failureMessages":[],"meta":{},"tags":[]},{"ancestorTitles":["JobSearch"],"fullName":"JobSearch calls onSearchChange when the user types","status":"passed","title":"calls onSearchChange when the user types","duration":1669.6801119999982,"failureMessages":[],"meta":{},"tags":[]},{"ancestorTitles":["JobSearch"],"fullName":"JobSearch displays the filtered and total job counts","status":"passed","title":"displays the filtered and total job counts","duration":1273.171497000003,"failureMessages":[],"meta":{},"tags":[]},{"ancestorTitles":["JobSearch"],"fullName":"JobSearch uses the singular \"job\" when totalJobsCount is 1","status":"passed","title":"uses the singular \"job\" when totalJobsCount is 1","duration":724.4911310000025,"failureMessages":[],"meta":{},"tags":[]},{"ancestorTitles":["JobSearch"],"fullName":"JobSearch uses the plural \"jobs\" when totalJobsCount is greater than 1","status":"passed","title":"uses the plural \"jobs\" when totalJobsCount is greater than 1","duration":584.041443999995,"failureMessages":[],"meta":{},"tags":[]},{"ancestorTitles":["JobSearch"],"fullName":"JobSearch renders a filter toggle button showing the chip count","status":"passed","title":"renders a filter toggle button showing the chip count","duration":2477.9032570000054,"failureMessages":[],"meta":{},"tags":[]},{"ancestorTitles":["JobSearch"],"fullName":"JobSearch calls onFiltersExpandedChange when the filter button is clicked","status":"passed","title":"calls onFiltersExpandedChange when the filter button is clicked","duration":1120.9900540000017,"failureMessages":[],"meta":{},"tags":[]},{"ancestorTitles":["JobSearch"],"fullName":"JobSearch renders active filter chips as removable pills","status":"passed","title":"renders active filter chips as removable pills","duration":805.4083370000008,"failureMessages":[],"meta":{},"tags":[]},{"ancestorTitles":["JobSearch"],"fullName":"JobSearch calls chip onRemove when the remove button on a chip is clicked","status":"passed","title":"calls chip onRemove when the remove button on a chip is clicked","duration":2118.440272,"failureMessages":[],"meta":{},"tags":[]},{"ancestorTitles":["JobSearch"],"fullName":"JobSearch shows \"Show all jobs\" link when filters are active","status":"passed","title":"shows \"Show all jobs\" link when filters are active","duration":1294.078131999995,"failureMessages":[],"meta":{},"tags":[]},{"ancestorTitles":["JobSearch"],"fullName":"JobSearch shows \"Use suggested filters\" link when not using suggested defaults","status":"passed","title":"shows \"Use suggested filters\" link when not using suggested defaults","duration":1218.3345499999996,"failureMessages":[],"meta":{},"tags":[]},{"ancestorTitles":["JobSearch"],"fullName":"JobSearch calls onClearAllFilters when \"Show all jobs\" is clicked","status":"passed","title":"calls onClearAllFilters when \"Show all jobs\" is clicked","duration":1179.2569640000002,"failureMessages":[],"meta":{},"tags":[]},{"ancestorTitles":["JobSearch"],"fullName":"JobSearch calls onApplySuggestedDefaults when \"Use suggested filters\" is clicked","status":"passed","title":"calls onApplySuggestedDefaults when \"Use suggested filters\" is clicked","duration":1264.221083000004,"failureMessages":[],"meta":{},"tags":[]},{"ancestorTitles":["JobSearch"],"fullName":"JobSearch hides action links when no filters are active and defaults are applied","status":"passed","title":"hides action links when no filters are active and defaults are applied","duration":958.9829949999985,"failureMessages":[],"meta":{},"tags":[]},{"ancestorTitles":["JobSearch"],"fullName":"JobSearch sets aria-expanded on the filter toggle button","status":"passed","title":"sets aria-expanded on the filter toggle button","duration":1679.3351440000042,"failureMessages":[],"meta":{},"tags":[]}],"startTime":1778132507667,"endTime":1778132532491.3352,"status":"passed","message":"","name":"/Users/ry/code/wev/wev-bulletin/components/JobSearch.test.tsx"},{"assertionResults":[{"ancestorTitles":["LocaleSwitcher"],"fullName":"LocaleSwitcher renders a single toggle button with EN/FR segments","status":"passed","title":"renders a single toggle button with EN/FR segments","duration":5575.699321,"failureMessages":[],"meta":{},"tags":[]},{"ancestorTitles":["LocaleSwitcher"],"fullName":"LocaleSwitcher calls router.replace with French locale when clicking while in English","status":"passed","title":"calls router.replace with French locale when clicking while in English","duration":1109.8299259999985,"failureMessages":[],"meta":{},"tags":[]},{"ancestorTitles":["LocaleSwitcher"],"fullName":"LocaleSwitcher preserves query params when switching locales","status":"passed","title":"preserves query params when switching locales","duration":545.1754010000004,"failureMessages":[],"meta":{},"tags":[]},{"ancestorTitles":["LocaleSwitcher"],"fullName":"LocaleSwitcher preserves repeated query params without collapsing them into an object","status":"passed","title":"preserves repeated query params without collapsing them into an object","duration":455.45402099999774,"failureMessages":[],"meta":{},"tags":[]}],"startTime":1778132576043,"endTime":1778132583729.454,"status":"passed","message":"","name":"/Users/ry/code/wev/wev-bulletin/components/LocaleSwitcher.test.tsx"},{"assertionResults":[{"ancestorTitles":["Pagination"],"fullName":"Pagination shows item range text","status":"passed","title":"shows item range text","duration":5048.186138999998,"failureMessages":[],"meta":{},"tags":[]},{"ancestorTitles":["Pagination"],"fullName":"Pagination shows singular \"job\" when totalItems is 1 and totalPages <= 1","status":"passed","title":"shows singular \"job\" when totalItems is 1 and totalPages <= 1","duration":720.3895539999976,"failureMessages":[],"meta":{},"tags":[]},{"ancestorTitles":["Pagination"],"fullName":"Pagination renders no navigation when totalPages <= 1","status":"passed","title":"renders no navigation when totalPages <= 1","duration":215.2745049999976,"failureMessages":[],"meta":{},"tags":[]},{"ancestorTitles":["Pagination"],"fullName":"Pagination disables Previous on first page","status":"passed","title":"disables Previous on first page","duration":2018.828980000002,"failureMessages":[],"meta":{},"tags":[]},{"ancestorTitles":["Pagination"],"fullName":"Pagination disables Next on last page","status":"passed","title":"disables Next on last page","duration":1614.7566559999977,"failureMessages":[],"meta":{},"tags":[]},{"ancestorTitles":["Pagination"],"fullName":"Pagination calls onPageChange with next page when Next is clicked","status":"passed","title":"calls onPageChange with next page when Next is clicked","duration":2101.277713999996,"failureMessages":[],"meta":{},"tags":[]},{"ancestorTitles":["Pagination"],"fullName":"Pagination calls onPageChange with previous page when Previous is clicked","status":"passed","title":"calls onPageChange with previous page when Previous is clicked","duration":1697.4685469999968,"failureMessages":[],"meta":{},"tags":[]},{"ancestorTitles":["Pagination"],"fullName":"Pagination calls onPageChange when a page number is clicked","status":"passed","title":"calls onPageChange when a page number is clicked","duration":1156.358755000001,"failureMessages":[],"meta":{},"tags":[]},{"ancestorTitles":["Pagination"],"fullName":"Pagination renders page number buttons","status":"passed","title":"renders page number buttons","duration":1834.829786000002,"failureMessages":[],"meta":{},"tags":[]},{"ancestorTitles":["Pagination"],"fullName":"Pagination marks the current page with aria-current","status":"passed","title":"marks the current page with aria-current","duration":1259.4690640000044,"failureMessages":[],"meta":{},"tags":[]},{"ancestorTitles":["Pagination"],"fullName":"Pagination highlights the current page with active class","status":"passed","title":"highlights the current page with active class","duration":1452.590627999998,"failureMessages":[],"meta":{},"tags":[]}],"startTime":1778132514551,"endTime":1778132533671.5906,"status":"passed","message":"","name":"/Users/ry/code/wev/wev-bulletin/components/Pagination.test.tsx"},{"assertionResults":[{"ancestorTitles":["Pill"],"fullName":"Pill renders children text","status":"passed","title":"renders children text","duration":4319.710566999998,"failureMessages":[],"meta":{},"tags":[]},{"ancestorTitles":["Pill"],"fullName":"Pill does not show a remove button by default","status":"passed","title":"does not show a remove button by default","duration":77.59910899999886,"failureMessages":[],"meta":{},"tags":[]},{"ancestorTitles":["Pill"],"fullName":"Pill shows a remove button when removable is true","status":"passed","title":"shows a remove button when removable is true","duration":1205.0571459999992,"failureMessages":[],"meta":{},"tags":[]},{"ancestorTitles":["Pill"],"fullName":"Pill calls onRemove when the remove button is clicked","status":"passed","title":"calls onRemove when the remove button is clicked","duration":1272.0886389999978,"failureMessages":[],"meta":{},"tags":[]},{"ancestorTitles":["Pill"],"fullName":"Pill applies primary variant classes","status":"passed","title":"applies primary variant classes","duration":158.00268900000083,"failureMessages":[],"meta":{},"tags":[]},{"ancestorTitles":["Pill"],"fullName":"Pill applies secondary variant classes","status":"passed","title":"applies secondary variant classes","duration":65.61054100000183,"failureMessages":[],"meta":{},"tags":[]},{"ancestorTitles":["Pill"],"fullName":"Pill applies sm size classes","status":"passed","title":"applies sm size classes","duration":72.4568070000023,"failureMessages":[],"meta":{},"tags":[]},{"ancestorTitles":["Pill"],"fullName":"Pill applies custom className","status":"passed","title":"applies custom className","duration":13.887443000003259,"failureMessages":[],"meta":{},"tags":[]}],"startTime":1778132596474,"endTime":1778132603658.8875,"status":"passed","message":"","name":"/Users/ry/code/wev/wev-bulletin/components/Pill.test.tsx"},{"assertionResults":[{"ancestorTitles":["PillSelector"],"fullName":"PillSelector renders all options as buttons","status":"passed","title":"renders all options as buttons","duration":5350.16835,"failureMessages":[],"meta":{},"tags":[]},{"ancestorTitles":["PillSelector"],"fullName":"PillSelector calls onSelectionChange with the toggled option added (multi-select)","status":"passed","title":"calls onSelectionChange with the toggled option added (multi-select)","duration":1485.8206739999987,"failureMessages":[],"meta":{},"tags":[]},{"ancestorTitles":["PillSelector"],"fullName":"PillSelector calls onSelectionChange with the option removed when already selected (multi-select)","status":"passed","title":"calls onSelectionChange with the option removed when already selected (multi-select)","duration":1014.3911089999965,"failureMessages":[],"meta":{},"tags":[]},{"ancestorTitles":["PillSelector"],"fullName":"PillSelector replaces the selection in single-select mode","status":"passed","title":"replaces the selection in single-select mode","duration":816.9769460000025,"failureMessages":[],"meta":{},"tags":[]},{"ancestorTitles":["PillSelector"],"fullName":"PillSelector applies selected styling to active options","status":"passed","title":"applies selected styling to active options","duration":807.5841910000017,"failureMessages":[],"meta":{},"tags":[]}],"startTime":1778132559433,"endTime":1778132568908.5842,"status":"passed","message":"","name":"/Users/ry/code/wev/wev-bulletin/components/PillSelector.test.tsx"},{"assertionResults":[{"ancestorTitles":["ProgressDonut"],"fullName":"ProgressDonut renders a progress donut element","status":"passed","title":"renders a progress donut element","duration":4592.570638000001,"failureMessages":[],"meta":{},"tags":[]},{"ancestorTitles":["ProgressDonut"],"fullName":"ProgressDonut renders the correct percentage visually","status":"passed","title":"renders the correct percentage visually","duration":863.3987649999981,"failureMessages":[],"meta":{},"tags":[]},{"ancestorTitles":["ProgressDonut"],"fullName":"ProgressDonut clamps percentage to 0 minimum","status":"passed","title":"clamps percentage to 0 minimum","duration":864.8943280000021,"failureMessages":[],"meta":{},"tags":[]},{"ancestorTitles":["ProgressDonut"],"fullName":"ProgressDonut clamps percentage to 100 maximum","status":"passed","title":"clamps percentage to 100 maximum","duration":516.5330899999972,"failureMessages":[],"meta":{},"tags":[]},{"ancestorTitles":["ProgressDonut"],"fullName":"ProgressDonut applies the correct size for sm","status":"passed","title":"applies the correct size for sm","duration":471.89891700000226,"failureMessages":[],"meta":{},"tags":[]},{"ancestorTitles":["ProgressDonut"],"fullName":"ProgressDonut applies the correct size for lg","status":"passed","title":"applies the correct size for lg","duration":525.8645649999999,"failureMessages":[],"meta":{},"tags":[]},{"ancestorTitles":["ProgressDonut"],"fullName":"ProgressDonut applies custom className","status":"passed","title":"applies custom className","duration":417.56108700000186,"failureMessages":[],"meta":{},"tags":[]}],"startTime":1778132602622,"endTime":1778132610875.561,"status":"passed","message":"","name":"/Users/ry/code/wev/wev-bulletin/components/ProgressDonut.test.tsx"},{"assertionResults":[{"ancestorTitles":["ReScrapeButton"],"fullName":"ReScrapeButton renders \"Re-scrape Data\" and is enabled initially","status":"passed","title":"renders \"Re-scrape Data\" and is enabled initially","duration":5859.721281000002,"failureMessages":[],"meta":{},"tags":[]},{"ancestorTitles":["ReScrapeButton"],"fullName":"ReScrapeButton shows \"Starting...\" and disables the button immediately after click","status":"passed","title":"shows \"Starting...\" and disables the button immediately after click","duration":2408.309734000002,"failureMessages":[],"meta":{},"tags":[]},{"ancestorTitles":["ReScrapeButton"],"fullName":"ReScrapeButton shows error toast and re-enables if the workflow trigger request fails","status":"passed","title":"shows error toast and re-enables if the workflow trigger request fails","duration":1318.5768199999948,"failureMessages":[],"meta":{},"tags":[]},{"ancestorTitles":["ReScrapeButton"],"fullName":"ReScrapeButton shows \"Queued...\" after a successful trigger while waiting for initial delay","status":"passed","title":"shows \"Queued...\" after a successful trigger while waiting for initial delay","duration":1325.9607069999984,"failureMessages":[],"meta":{},"tags":[]},{"ancestorTitles":["ReScrapeButton"],"fullName":"ReScrapeButton transitions Queued → Running → complete and calls onComplete on success","status":"passed","title":"transitions Queued → Running → complete and calls onComplete on success","duration":2278.9438539999974,"failureMessages":[],"meta":{},"tags":[]},{"ancestorTitles":["ReScrapeButton"],"fullName":"ReScrapeButton stays \"Queued...\" for extra ticks when run not visible yet, then resolves","status":"passed","title":"stays \"Queued...\" for extra ticks when run not visible yet, then resolves","duration":923.1770759999999,"failureMessages":[],"meta":{},"tags":[]},{"ancestorTitles":["ReScrapeButton"],"fullName":"ReScrapeButton shows error and resets on workflow failure conclusion","status":"passed","title":"shows error and resets on workflow failure conclusion","duration":1588.404982,"failureMessages":[],"meta":{},"tags":[]},{"ancestorTitles":["ReScrapeButton"],"fullName":"ReScrapeButton shows error, stops polling, and resets on non-OK status API response","status":"passed","title":"shows error, stops polling, and resets on non-OK status API response","duration":1014.1332709999988,"failureMessages":[],"meta":{},"tags":[]},{"ancestorTitles":["ReScrapeButton"],"fullName":"ReScrapeButton does not throw or call setState after unmount","status":"passed","title":"does not throw or call setState after unmount","duration":511.42211799999495,"failureMessages":[],"meta":{},"tags":[]},{"ancestorTitles":["ReScrapeButton"],"fullName":"ReScrapeButton persists scrape state to localStorage after successful trigger","status":"passed","title":"persists scrape state to localStorage after successful trigger","duration":669.123173,"failureMessages":[],"meta":{},"tags":[]},{"ancestorTitles":["ReScrapeButton"],"fullName":"ReScrapeButton clears localStorage on successful completion","status":"passed","title":"clears localStorage on successful completion","duration":500.66481800000474,"failureMessages":[],"meta":{},"tags":[]},{"ancestorTitles":["ReScrapeButton"],"fullName":"ReScrapeButton clears localStorage on failure","status":"passed","title":"clears localStorage on failure","duration":488.9770260000005,"failureMessages":[],"meta":{},"tags":[]},{"ancestorTitles":["ReScrapeButton"],"fullName":"ReScrapeButton clears localStorage when trigger request fails","status":"passed","title":"clears localStorage when trigger request fails","duration":671.4237180000055,"failureMessages":[],"meta":{},"tags":[]},{"ancestorTitles":["ReScrapeButton"],"fullName":"ReScrapeButton resumes polling from localStorage on mount and completes","status":"passed","title":"resumes polling from localStorage on mount and completes","duration":544.890800000001,"failureMessages":[],"meta":{},"tags":[]},{"ancestorTitles":["ReScrapeButton"],"fullName":"ReScrapeButton resumes with \"Running...\" when localStorage has running status","status":"passed","title":"resumes with \"Running...\" when localStorage has running status","duration":631.0902050000004,"failureMessages":[],"meta":{},"tags":[]},{"ancestorTitles":["ReScrapeButton"],"fullName":"ReScrapeButton discards expired localStorage state and renders idle","status":"passed","title":"discards expired localStorage state and renders idle","duration":386.0650190000015,"failureMessages":[],"meta":{},"tags":[]}],"startTime":1778132525164,"endTime":1778132546286.065,"status":"passed","message":"","name":"/Users/ry/code/wev/wev-bulletin/components/ReScrapeButton.test.tsx"},{"assertionResults":[{"ancestorTitles":["ToasterProvider"],"fullName":"ToasterProvider uses top-center toaster defaults","status":"passed","title":"uses top-center toaster defaults","duration":262.01945499999965,"failureMessages":[],"meta":{},"tags":[]}],"startTime":1778132700322,"endTime":1778132700584.0195,"status":"passed","message":"","name":"/Users/ry/code/wev/wev-bulletin/components/Toaster.test.tsx"},{"assertionResults":[{"ancestorTitles":["ValuesSelector","rendering"],"fullName":"ValuesSelector rendering renders search trigger with profile placeholder","status":"passed","title":"renders search trigger with profile placeholder","duration":5767.5153470000005,"failureMessages":[],"meta":{},"tags":[]},{"ancestorTitles":["ValuesSelector","rendering"],"fullName":"ValuesSelector rendering opens modal with all category groups","status":"passed","title":"opens modal with all category groups","duration":7899.608284000002,"failureMessages":[],"meta":{},"tags":[]},{"ancestorTitles":["ValuesSelector","rendering"],"fullName":"ValuesSelector rendering categories are collapsed by default inside modal","status":"passed","title":"categories are collapsed by default inside modal","duration":4170.2535010000065,"failureMessages":[],"meta":{},"tags":[]},{"ancestorTitles":["ValuesSelector","category expansion"],"fullName":"ValuesSelector category expansion expands category when header clicked","status":"passed","title":"expands category when header clicked","duration":6823.95324000001,"failureMessages":[],"meta":{},"tags":[]},{"ancestorTitles":["ValuesSelector","category expansion"],"fullName":"ValuesSelector category expansion collapses category when header clicked again","status":"passed","title":"collapses category when header clicked again","duration":4252.010488999993,"failureMessages":[],"meta":{},"tags":[]},{"ancestorTitles":["ValuesSelector","value selection"],"fullName":"ValuesSelector value selection calls onToggle when a value row is clicked","status":"passed","title":"calls onToggle when a value row is clicked","duration":4364.11709,"failureMessages":[],"meta":{},"tags":[]},{"ancestorTitles":["ValuesSelector","value selection"],"fullName":"ValuesSelector value selection shows checkbox checked for selected values","status":"passed","title":"shows checkbox checked for selected values","duration":6636.893467000002,"failureMessages":[],"meta":{},"tags":[]},{"ancestorTitles":["ValuesSelector","localization"],"fullName":"ValuesSelector localization renders French category labels in modal","status":"passed","title":"renders French category labels in modal","duration":4254.1319280000025,"failureMessages":[],"meta":{},"tags":[]},{"ancestorTitles":["ValuesSelector","localization"],"fullName":"ValuesSelector localization shows Done control with French label","status":"passed","title":"shows Done control with French label","duration":2352.0305739999894,"failureMessages":[],"meta":{},"tags":[]},{"ancestorTitles":["ValuesSelector stale-ID handling (P5)"],"fullName":"ValuesSelector stale-ID handling (P5) renders without error when selectedValues contains stale IDs","status":"passed","title":"renders without error when selectedValues contains stale IDs","duration":142.21717000000353,"failureMessages":[],"meta":{},"tags":[]},{"ancestorTitles":["ValuesSelector stale-ID handling (P5)"],"fullName":"ValuesSelector stale-ID handling (P5) does not render Experience or Organization as a selected pill","status":"passed","title":"does not render Experience or Organization as a selected pill","duration":79.86109399999259,"failureMessages":[],"meta":{},"tags":[]}],"startTime":1778132451941,"endTime":1778132498685.861,"status":"passed","message":"","name":"/Users/ry/code/wev/wev-bulletin/components/ValuesSelector.test.tsx"},{"assertionResults":[{"ancestorTitles":["useJobMatch"],"fullName":"useJobMatch returns null match and stops loading immediately when there is no user","status":"passed","title":"returns null match and stops loading immediately when there is no user","duration":429.1853289999999,"failureMessages":[],"meta":{},"tags":[]},{"ancestorTitles":["useJobMatch"],"fullName":"useJobMatch returns match data fetched from the database when the user is signed in","status":"passed","title":"returns match data fetched from the database when the user is signed in","duration":99.392824999999,"failureMessages":[],"meta":{},"tags":[]},{"ancestorTitles":["useJobMatch"],"fullName":"useJobMatch returns null match when no record exists in the database","status":"passed","title":"returns null match when no record exists in the database","duration":116.72130200000174,"failureMessages":[],"meta":{},"tags":[]},{"ancestorTitles":["useJobMatch"],"fullName":"useJobMatch returns null match when the database query fails","status":"passed","title":"returns null match when the database query fails","duration":108.70074699999896,"failureMessages":[],"meta":{},"tags":[]},{"ancestorTitles":["useJobMatch"],"fullName":"useJobMatch isValueMatched returns true for a shared value and false for a non-shared one","status":"passed","title":"isValueMatched returns true for a shared value and false for a non-shared one","duration":64.119026999997,"failureMessages":[],"meta":{},"tags":[]}],"startTime":1778132629544,"endTime":1778132630363.1191,"status":"passed","message":"","name":"/Users/ry/code/wev/wev-bulletin/hooks/useJobMatch.test.ts"},{"assertionResults":[{"ancestorTitles":["http-errors"],"fullName":"http-errors unauthorizedResponse defaults to 401","status":"passed","title":"unauthorizedResponse defaults to 401","duration":65.43141900000046,"failureMessages":[],"meta":{},"tags":[]},{"ancestorTitles":["http-errors"],"fullName":"http-errors forbiddenResponse defaults to 403","status":"passed","title":"forbiddenResponse defaults to 403","duration":17.857469000000492,"failureMessages":[],"meta":{},"tags":[]},{"ancestorTitles":["http-errors"],"fullName":"http-errors allows custom messages","status":"passed","title":"allows custom messages","duration":11.69267199999922,"failureMessages":[],"meta":{},"tags":[]}],"startTime":1778132700044,"endTime":1778132700139.6926,"status":"passed","message":"","name":"/Users/ry/code/wev/wev-bulletin/lib/http-errors.test.ts"},{"assertionResults":[{"ancestorTitles":["i18n integration","message file completeness"],"fullName":"i18n integration message file completeness en.json and fr.json have the same translation keys","status":"passed","title":"en.json and fr.json have the same translation keys","duration":86.24176300000181,"failureMessages":[],"meta":{},"tags":[]},{"ancestorTitles":["i18n integration","message file completeness"],"fullName":"i18n integration message file completeness neither message file is empty","status":"passed","title":"neither message file is empty","duration":4.111143999998603,"failureMessages":[],"meta":{},"tags":[]},{"ancestorTitles":["i18n integration","English locale (default)"],"fullName":"i18n integration English locale (default) renders Pagination with English text","status":"passed","title":"renders Pagination with English text","duration":7183.595772000001,"failureMessages":[],"meta":{},"tags":[]},{"ancestorTitles":["i18n integration","English locale (default)"],"fullName":"i18n integration English locale (default) renders Pill with English remove label","status":"passed","title":"renders Pill with English remove label","duration":836.8477730000013,"failureMessages":[],"meta":{},"tags":[]},{"ancestorTitles":["i18n integration","French locale"],"fullName":"i18n integration French locale renders Pagination with French text","status":"passed","title":"renders Pagination with French text","duration":2304.3087649999943,"failureMessages":[],"meta":{},"tags":[]},{"ancestorTitles":["i18n integration","French locale"],"fullName":"i18n integration French locale renders Pill with French remove label","status":"passed","title":"renders Pill with French remove label","duration":387.4386599999998,"failureMessages":[],"meta":{},"tags":[]},{"ancestorTitles":["i18n integration","locale switching"],"fullName":"i18n integration locale switching same component renders differently per locale","status":"passed","title":"same component renders differently per locale","duration":876.2138889999987,"failureMessages":[],"meta":{},"tags":[]}],"startTime":1778132559242,"endTime":1778132570923.2139,"status":"passed","message":"","name":"/Users/ry/code/wev/wev-bulletin/lib/i18n.test.tsx"},{"assertionResults":[{"ancestorTitles":["migration backfill round-trip (profiles.values → values_rated[*].value)"],"fullName":"migration backfill round-trip (profiles.values → values_rated[*].value) round-trip holds for: 'empty array'","status":"passed","title":"round-trip holds for: 'empty array'","duration":30.22871099999975,"failureMessages":[],"meta":{},"tags":[]},{"ancestorTitles":["migration backfill round-trip (profiles.values → values_rated[*].value)"],"fullName":"migration backfill round-trip (profiles.values → values_rated[*].value) round-trip holds for: 'single value'","status":"passed","title":"round-trip holds for: 'single value'","duration":8.10193900000013,"failureMessages":[],"meta":{},"tags":[]},{"ancestorTitles":["migration backfill round-trip (profiles.values → values_rated[*].value)"],"fullName":"migration backfill round-trip (profiles.values → values_rated[*].value) round-trip holds for: 'two values'","status":"passed","title":"round-trip holds for: 'two values'","duration":2.853843999999299,"failureMessages":[],"meta":{},"tags":[]},{"ancestorTitles":["migration backfill round-trip (profiles.values → values_rated[*].value)"],"fullName":"migration backfill round-trip (profiles.values → values_rated[*].value) round-trip holds for: 'three values'","status":"passed","title":"round-trip holds for: 'three values'","duration":4.102166999999099,"failureMessages":[],"meta":{},"tags":[]},{"ancestorTitles":["migration backfill round-trip (profiles.values → values_rated[*].value)"],"fullName":"migration backfill round-trip (profiles.values → values_rated[*].value) round-trip holds for: 'five values'","status":"passed","title":"round-trip holds for: 'five values'","duration":3.314732000000731,"failureMessages":[],"meta":{},"tags":[]},{"ancestorTitles":["migration backfill round-trip (profiles.values → values_rated[*].value)"],"fullName":"migration backfill round-trip (profiles.values → values_rated[*].value) round-trip holds for: 'duplicate values'","status":"passed","title":"round-trip holds for: 'duplicate values'","duration":2.723747000000003,"failureMessages":[],"meta":{},"tags":[]},{"ancestorTitles":["migration backfill round-trip (profiles.values → values_rated[*].value)"],"fullName":"migration backfill round-trip (profiles.values → values_rated[*].value) round-trip holds for: 'values with spaces'","status":"passed","title":"round-trip holds for: 'values with spaces'","duration":1.5778669999999693,"failureMessages":[],"meta":{},"tags":[]},{"ancestorTitles":["migration backfill round-trip (profiles.values → values_rated[*].value)"],"fullName":"migration backfill round-trip (profiles.values → values_rated[*].value) round-trip holds for: 'values with unicode'","status":"passed","title":"round-trip holds for: 'values with unicode'","duration":2.3949349999984406,"failureMessages":[],"meta":{},"tags":[]},{"ancestorTitles":["migration backfill round-trip (profiles.values → values_rated[*].value)"],"fullName":"migration backfill round-trip (profiles.values → values_rated[*].value) round-trip holds for: 'single char value'","status":"passed","title":"round-trip holds for: 'single char value'","duration":4.122370000000956,"failureMessages":[],"meta":{},"tags":[]},{"ancestorTitles":["migration backfill round-trip (profiles.values → values_rated[*].value)"],"fullName":"migration backfill round-trip (profiles.values → values_rated[*].value) round-trip holds for: 'long value string'","status":"passed","title":"round-trip holds for: 'long value string'","duration":1.7415639999999257,"failureMessages":[],"meta":{},"tags":[]},{"ancestorTitles":["migration backfill round-trip (profiles.values → values_rated[*].value)"],"fullName":"migration backfill round-trip (profiles.values → values_rated[*].value) round-trip holds for: 'ten values'","status":"passed","title":"round-trip holds for: 'ten values'","duration":2.5904239999999845,"failureMessages":[],"meta":{},"tags":[]},{"ancestorTitles":["migration backfill round-trip (profiles.values → values_rated[*].value)"],"fullName":"migration backfill round-trip (profiles.values → values_rated[*].value) round-trip holds for: 'empty string value'","status":"passed","title":"round-trip holds for: 'empty string value'","duration":1.5508410000002186,"failureMessages":[],"meta":{},"tags":[]},{"ancestorTitles":["migration backfill round-trip (profiles.values → values_rated[*].value)"],"fullName":"migration backfill round-trip (profiles.values → values_rated[*].value) round-trip holds for: 'mixed empty and non-empty'","status":"passed","title":"round-trip holds for: 'mixed empty and non-empty'","duration":1.3337639999990643,"failureMessages":[],"meta":{},"tags":[]},{"ancestorTitles":["migration backfill round-trip (profiles.values → values_rated[*].value)"],"fullName":"migration backfill round-trip (profiles.values → values_rated[*].value) each backfilled object has exactly the key \"value\"","status":"passed","title":"each backfilled object has exactly the key \"value\"","duration":2.153848999998445,"failureMessages":[],"meta":{},"tags":[]},{"ancestorTitles":["migration backfill round-trip (profiles.values → values_rated[*].value)"],"fullName":"migration backfill round-trip (profiles.values → values_rated[*].value) order is preserved after backfill","status":"passed","title":"order is preserved after backfill","duration":0.787265999999363,"failureMessages":[],"meta":{},"tags":[]}],"startTime":1778132687464,"endTime":1778132687535.7874,"status":"passed","message":"","name":"/Users/ry/code/wev/wev-bulletin/lib/migration-backfill.test.ts"},{"assertionResults":[{"ancestorTitles":["normalizeJobsWithSource"],"fullName":"normalizeJobsWithSource returns an empty array for null input","status":"passed","title":"returns an empty array for null input","duration":17.484803999999713,"failureMessages":[],"meta":{},"tags":[]},{"ancestorTitles":["normalizeJobsWithSource"],"fullName":"normalizeJobsWithSource returns an empty array for undefined input","status":"passed","title":"returns an empty array for undefined input","duration":3.6602960000000166,"failureMessages":[],"meta":{},"tags":[]},{"ancestorTitles":["normalizeJobsWithSource"],"fullName":"normalizeJobsWithSource returns an empty array for empty array input","status":"passed","title":"returns an empty array for empty array input","duration":8.538531999998668,"failureMessages":[],"meta":{},"tags":[]},{"ancestorTitles":["normalizeJobsWithSource"],"fullName":"normalizeJobsWithSource extracts source name from a single source object","status":"passed","title":"extracts source name from a single source object","duration":7.6797200000000885,"failureMessages":[],"meta":{},"tags":[]},{"ancestorTitles":["normalizeJobsWithSource"],"fullName":"normalizeJobsWithSource extracts source name from an array of sources (takes first)","status":"passed","title":"extracts source name from an array of sources (takes first)","duration":4.526189000000159,"failureMessages":[],"meta":{},"tags":[]},{"ancestorTitles":["normalizeJobsWithSource"],"fullName":"normalizeJobsWithSource sets source to null when sources is missing","status":"passed","title":"sets source to null when sources is missing","duration":1.5937819999999192,"failureMessages":[],"meta":{},"tags":[]},{"ancestorTitles":["normalizeJobsWithSource"],"fullName":"normalizeJobsWithSource strips source_id and bookmarks from output","status":"passed","title":"strips source_id and bookmarks from output","duration":14.149948000000222,"failureMessages":[],"meta":{},"tags":[]},{"ancestorTitles":["normalizeJobsWithSource"],"fullName":"normalizeJobsWithSource handles multiple rows correctly","status":"passed","title":"handles multiple rows correctly","duration":5.064658000001145,"failureMessages":[],"meta":{},"tags":[]}],"startTime":1778132715684,"endTime":1778132715748.0647,"status":"passed","message":"","name":"/Users/ry/code/wev/wev-bulletin/lib/normalize-job.test.ts"},{"assertionResults":[{"ancestorTitles":["checkPasswordStrength"],"fullName":"checkPasswordStrength rates an empty string as Very Weak (score 0)","status":"passed","title":"rates an empty string as Very Weak (score 0)","duration":70.93297999999959,"failureMessages":[],"meta":{},"tags":[]},{"ancestorTitles":["checkPasswordStrength"],"fullName":"checkPasswordStrength rates a short trivial password as unacceptable","status":"passed","title":"rates a short trivial password as unacceptable","duration":23.087492999999085,"failureMessages":[],"meta":{},"tags":[]},{"ancestorTitles":["checkPasswordStrength"],"fullName":"checkPasswordStrength rates a strong password as acceptable","status":"passed","title":"rates a strong password as acceptable","duration":22.433318999999756,"failureMessages":[],"meta":{},"tags":[]},{"ancestorTitles":["checkPasswordStrength"],"fullName":"checkPasswordStrength returns the correct label for each score level","status":"passed","title":"returns the correct label for each score level","duration":4.681512000001021,"failureMessages":[],"meta":{},"tags":[]},{"ancestorTitles":["checkPasswordStrength"],"fullName":"checkPasswordStrength returns a color string for all scores","status":"passed","title":"returns a color string for all scores","duration":3.669421999999031,"failureMessages":[],"meta":{},"tags":[]},{"ancestorTitles":["checkPasswordStrength"],"fullName":"checkPasswordStrength marks score >= 2 as acceptable and < 2 as not","status":"passed","title":"marks score >= 2 as acceptable and < 2 as not","duration":4.845192999999199,"failureMessages":[],"meta":{},"tags":[]},{"ancestorTitles":["checkPasswordStrength"],"fullName":"checkPasswordStrength feedbackKey is always a string","status":"passed","title":"feedbackKey is always a string","duration":27.495108999999502,"failureMessages":[],"meta":{},"tags":[]}],"startTime":1778132696205,"endTime":1778132696363.495,"status":"passed","message":"","name":"/Users/ry/code/wev/wev-bulletin/lib/password-strength.test.ts"},{"assertionResults":[{"ancestorTitles":["getSiteBaseUrl"],"fullName":"getSiteBaseUrl returns normalized configured origin when value includes spaces and path","status":"passed","title":"returns normalized configured origin when value includes spaces and path","duration":83.510142000001,"failureMessages":[],"meta":{},"tags":[]},{"ancestorTitles":["getSiteBaseUrl"],"fullName":"getSiteBaseUrl supports configured host without a scheme","status":"passed","title":"supports configured host without a scheme","duration":21.524843999999575,"failureMessages":[],"meta":{},"tags":[]},{"ancestorTitles":["getSiteBaseUrlFromRequest"],"fullName":"getSiteBaseUrlFromRequest falls back to request origin when configured value is invalid","status":"passed","title":"falls back to request origin when configured value is invalid","duration":30.81235000000015,"failureMessages":[],"meta":{},"tags":[]}],"startTime":1778132715996,"endTime":1778132716132.8123,"status":"passed","message":"","name":"/Users/ry/code/wev/wev-bulletin/lib/site-url.test.ts"},{"assertionResults":[{"ancestorTitles":["getRankWeight"],"fullName":"getRankWeight rank 1 of 4 maps to 1.0","status":"passed","title":"rank 1 of 4 maps to 1.0","duration":11.496352000000115,"failureMessages":[],"meta":{},"tags":[]},{"ancestorTitles":["getRankWeight"],"fullName":"getRankWeight last rank maps to MIN_WEIGHT","status":"passed","title":"last rank maps to MIN_WEIGHT","duration":2.4467210000002524,"failureMessages":[],"meta":{},"tags":[]},{"ancestorTitles":["getRankWeight"],"fullName":"getRankWeight middle rank maps to intermediate weight","status":"passed","title":"middle rank maps to intermediate weight","duration":1.5276630000007572,"failureMessages":[],"meta":{},"tags":[]},{"ancestorTitles":["getRankWeight"],"fullName":"getRankWeight rank 3 of 4 maps to 0.5","status":"passed","title":"rank 3 of 4 maps to 0.5","duration":1.5358049999995274,"failureMessages":[],"meta":{},"tags":[]},{"ancestorTitles":["getRankWeight"],"fullName":"getRankWeight returns neutral when total <= 1","status":"passed","title":"returns neutral when total <= 1","duration":1.9714359999998123,"failureMessages":[],"meta":{},"tags":[]},{"ancestorTitles":["getRankWeight"],"fullName":"getRankWeight returns neutral when total is 0","status":"passed","title":"returns neutral when total is 0","duration":1.7330610000008164,"failureMessages":[],"meta":{},"tags":[]},{"ancestorTitles":["getRankWeight"],"fullName":"getRankWeight returns neutral when rank is undefined","status":"passed","title":"returns neutral when rank is undefined","duration":0.9722930000007182,"failureMessages":[],"meta":{},"tags":[]},{"ancestorTitles":["getRankWeight"],"fullName":"getRankWeight clamps rank to 1 when below range","status":"passed","title":"clamps rank to 1 when below range","duration":0.8982249999990017,"failureMessages":[],"meta":{},"tags":[]},{"ancestorTitles":["getRankWeight"],"fullName":"getRankWeight clamps rank to total when above range","status":"passed","title":"clamps rank to total when above range","duration":16.254547000000457,"failureMessages":[],"meta":{},"tags":[]}],"startTime":1778132711202,"endTime":1778132711242.2546,"status":"passed","message":"","name":"/Users/ry/code/wev/wev-bulletin/lib/value-ratings.test.ts"},{"assertionResults":[{"ancestorTitles":["VALUES_DICTIONARY"],"fullName":"VALUES_DICTIONARY contains a non-empty set of values","status":"passed","title":"contains a non-empty set of values","duration":7.544589999999516,"failureMessages":[],"meta":{},"tags":[]},{"ancestorTitles":["VALUES_DICTIONARY"],"fullName":"VALUES_DICTIONARY every entry has a description and example string","status":"passed","title":"every entry has a description and example string","duration":46.36855699999978,"failureMessages":[],"meta":{},"tags":[]},{"ancestorTitles":["VALUES_LIST"],"fullName":"VALUES_LIST is an array matching the dictionary keys","status":"passed","title":"is an array matching the dictionary keys","duration":4.305624000000535,"failureMessages":[],"meta":{},"tags":[]},{"ancestorTitles":["VALUES_LIST"],"fullName":"VALUES_LIST contains well-known values","status":"passed","title":"contains well-known values","duration":10.714717999999266,"failureMessages":[],"meta":{},"tags":[]},{"ancestorTitles":["getValueDefinition"],"fullName":"getValueDefinition returns the correct definition for a known value","status":"passed","title":"returns the correct definition for a known value","duration":2.298785000000862,"failureMessages":[],"meta":{},"tags":[]},{"ancestorTitles":["getValueDefinition"],"fullName":"getValueDefinition returns a default definition for an unknown value","status":"passed","title":"returns a default definition for an unknown value","duration":2.4087080000008427,"failureMessages":[],"meta":{},"tags":[]},{"ancestorTitles":["getValueDefinition"],"fullName":"getValueDefinition returns the same default for any unknown value","status":"passed","title":"returns the same default for any unknown value","duration":1.897649000000456,"failureMessages":[],"meta":{},"tags":[]},{"ancestorTitles":["buildWorkValues (P4)"],"fullName":"buildWorkValues (P4) returns exactly 54 items","status":"passed","title":"returns exactly 54 items","duration":4.689761999999973,"failureMessages":[],"meta":{},"tags":[]},{"ancestorTitles":["buildWorkValues (P4)"],"fullName":"buildWorkValues (P4) each item category matches VALUE_CATEGORIES[VALUE_TO_CATEGORY[item.id]]","status":"passed","title":"each item category matches VALUE_CATEGORIES[VALUE_TO_CATEGORY[item.id]]","duration":155.9793469999986,"failureMessages":[],"meta":{},"tags":[]},{"ancestorTitles":["VALUES_LIST spot-checks"],"fullName":"VALUES_LIST spot-checks has exactly 54 entries","status":"passed","title":"has exactly 54 entries","duration":5.099244999999428,"failureMessages":[],"meta":{},"tags":[]},{"ancestorTitles":["VALUES_LIST spot-checks"],"fullName":"VALUES_LIST spot-checks does not contain Experience or Organization","status":"passed","title":"does not contain Experience or Organization","duration":4.289575000000696,"failureMessages":[],"meta":{},"tags":[]},{"ancestorTitles":["VALUES_DICTIONARY spot-checks"],"fullName":"VALUES_DICTIONARY spot-checks Advancement description contains \"get ahead rapidly\"","status":"passed","title":"Advancement description contains \"get ahead rapidly\"","duration":35.860247999999046,"failureMessages":[],"meta":{},"tags":[]},{"ancestorTitles":["VALUES_DICTIONARY spot-checks"],"fullName":"VALUES_DICTIONARY spot-checks Adventure exists (new value)","status":"passed","title":"Adventure exists (new value)","duration":12.529849000000468,"failureMessages":[],"meta":{},"tags":[]},{"ancestorTitles":["VALUES_DICTIONARY spot-checks"],"fullName":"VALUES_DICTIONARY spot-checks Work-Life Balance exists (new value)","status":"passed","title":"Work-Life Balance exists (new value)","duration":1.662216000000626,"failureMessages":[],"meta":{},"tags":[]},{"ancestorTitles":["VALUES_DICTIONARY spot-checks"],"fullName":"VALUES_DICTIONARY spot-checks does not contain Experience","status":"passed","title":"does not contain Experience","duration":0.9272839999994176,"failureMessages":[],"meta":{},"tags":[]},{"ancestorTitles":["VALUES_DICTIONARY spot-checks"],"fullName":"VALUES_DICTIONARY spot-checks does not contain Organization","status":"passed","title":"does not contain Organization","duration":3.0222759999996924,"failureMessages":[],"meta":{},"tags":[]}],"startTime":1778132680950,"endTime":1778132681254.0222,"status":"passed","message":"","name":"/Users/ry/code/wev/wev-bulletin/lib/values.test.ts"},{"assertionResults":[{"ancestorTitles":["BulletinDataContainer"],"fullName":"BulletinDataContainer defers user meta hydration and renders with server jobs payload","status":"passed","title":"defers user meta hydration and renders with server jobs payload","duration":821.9247009999999,"failureMessages":[],"meta":{},"tags":[]},{"ancestorTitles":["BulletinDataContainer"],"fullName":"BulletinDataContainer skips role lookup when request is anonymous","status":"passed","title":"skips role lookup when request is anonymous","duration":59.292607999999746,"failureMessages":[],"meta":{},"tags":[]}],"startTime":1778132633864,"endTime":1778132634745.2927,"status":"passed","message":"","name":"/Users/ry/code/wev/wev-bulletin/app/[locale]/page.server.test.tsx"},{"assertionResults":[{"ancestorTitles":["Home page work type defaults"],"fullName":"Home page work type defaults adds the profile work type to default filters after the profile loads","status":"failed","title":"adds the profile work type to default filters after the profile loads","duration":19640.961868000002,"failureMessages":["Error: STACK_TRACE_ERROR\n    at task (file:///Users/ry/code/wev/node_modules/@vitest/runner/dist/chunk-artifact.js:1784:27)\n    at Object.<anonymous> (file:///Users/ry/code/wev/node_modules/@vitest/runner/dist/chunk-artifact.js:1817:16)\n    at Object.<anonymous> (file:///Users/ry/code/wev/node_modules/@vitest/runner/dist/chunk-artifact.js:1563:28)\n    at chain (file:///Users/ry/code/wev/node_modules/@vitest/runner/dist/chunk-artifact.js:599:14)\n    at /Users/ry/code/wev/wev-bulletin/app/[locale]/page.test.tsx:141:3\n    at file:///Users/ry/code/wev/node_modules/@vitest/runner/dist/chunk-artifact.js:1889:40\n    at runWithSuite (file:///Users/ry/code/wev/node_modules/@vitest/runner/dist/chunk-artifact.js:2258:8)\n    at Object.collect (file:///Users/ry/code/wev/node_modules/@vitest/runner/dist/chunk-artifact.js:1889:10)\n    at Object.collect (file:///Users/ry/code/wev/node_modules/@vitest/runner/dist/chunk-artifact.js:1893:54)\n    at processTicksAndRejections (node:internal/process/task_queues:103:5)"],"meta":{},"tags":[]}],"startTime":1778132499531,"endTime":1778132519171.962,"status":"failed","message":"","name":"/Users/ry/code/wev/wev-bulletin/app/[locale]/page.test.tsx"},{"assertionResults":[{"ancestorTitles":["useJobFiltersModel"],"fullName":"useJobFiltersModel builds active filter chips with working remove handlers","status":"passed","title":"builds active filter chips with working remove handlers","duration":437.8673720000006,"failureMessages":[],"meta":{},"tags":[]}],"startTime":1778132669233,"endTime":1778132669670.8674,"status":"passed","message":"","name":"/Users/ry/code/wev/wev-bulletin/components/job-filters/useJobFiltersModel.test.tsx"},{"assertionResults":[{"ancestorTitles":["getRequestUser"],"fullName":"getRequestUser returns failure when Supabase reports an auth error","status":"passed","title":"returns failure when Supabase reports an auth error","duration":10.031714000000648,"failureMessages":[],"meta":{},"tags":[]},{"ancestorTitles":["getRequestUser"],"fullName":"getRequestUser returns failure when no user is present","status":"passed","title":"returns failure when no user is present","duration":3.5554390000006606,"failureMessages":[],"meta":{},"tags":[]},{"ancestorTitles":["getRequestUser"],"fullName":"getRequestUser returns the authenticated user on success","status":"passed","title":"returns the authenticated user on success","duration":2.4509029999999257,"failureMessages":[],"meta":{},"tags":[]}],"startTime":1778132718202,"endTime":1778132718218.451,"status":"passed","message":"","name":"/Users/ry/code/wev/wev-bulletin/lib/auth/request-user.test.ts"},{"assertionResults":[{"ancestorTitles":["requireAdminSession"],"fullName":"requireAdminSession returns 401 when there is no session","status":"passed","title":"returns 401 when there is no session","duration":66.37775599999986,"failureMessages":[],"meta":{},"tags":[]},{"ancestorTitles":["requireAdminSession"],"fullName":"requireAdminSession returns 403 when user_roles cannot be loaded","status":"passed","title":"returns 403 when user_roles cannot be loaded","duration":7.932817999999315,"failureMessages":[],"meta":{},"tags":[]},{"ancestorTitles":["requireAdminSession"],"fullName":"requireAdminSession returns 403 when roles do not include admin","status":"passed","title":"returns 403 when roles do not include admin","duration":12.69009300000107,"failureMessages":[],"meta":{},"tags":[]},{"ancestorTitles":["requireAdminSession"],"fullName":"requireAdminSession returns the user when session is admin","status":"passed","title":"returns the user when session is admin","duration":2.9593220000006113,"failureMessages":[],"meta":{},"tags":[]},{"ancestorTitles":["requireAdminResponse"],"fullName":"requireAdminResponse returns NextResponse when not admin","status":"passed","title":"returns NextResponse when not admin","duration":3.8130069999988336,"failureMessages":[],"meta":{},"tags":[]},{"ancestorTitles":["requireAdminResponse"],"fullName":"requireAdminResponse returns null when admin","status":"passed","title":"returns null when admin","duration":2.7747660000004544,"failureMessages":[],"meta":{},"tags":[]}],"startTime":1778132706351,"endTime":1778132706461.7747,"status":"passed","message":"","name":"/Users/ry/code/wev/wev-bulletin/lib/auth/require-admin.test.ts"},{"assertionResults":[{"ancestorTitles":["sanitizeNextPath"],"fullName":"sanitizeNextPath defaults null and empty to /","status":"passed","title":"defaults null and empty to /","duration":38.227788000000146,"failureMessages":[],"meta":{},"tags":[]},{"ancestorTitles":["sanitizeNextPath"],"fullName":"sanitizeNextPath preserves locale-prefixed paths","status":"passed","title":"preserves locale-prefixed paths","duration":3.7286870000007184,"failureMessages":[],"meta":{},"tags":[]},{"ancestorTitles":["sanitizeNextPath"],"fullName":"sanitizeNextPath normalizes missing leading slash when path is locale-prefixed","status":"passed","title":"normalizes missing leading slash when path is locale-prefixed","duration":10.532483999999386,"failureMessages":[],"meta":{},"tags":[]},{"ancestorTitles":["sanitizeNextPath"],"fullName":"sanitizeNextPath rejects paths without a locale prefix (same-origin path escape)","status":"passed","title":"rejects paths without a locale prefix (same-origin path escape)","duration":12.626008000001093,"failureMessages":[],"meta":{},"tags":[]},{"ancestorTitles":["sanitizeNextPath"],"fullName":"sanitizeNextPath rejects absolute and protocol-relative URLs","status":"passed","title":"rejects absolute and protocol-relative URLs","duration":5.369515999998839,"failureMessages":[],"meta":{},"tags":[]},{"ancestorTitles":["sanitizeNextPath"],"fullName":"sanitizeNextPath rejects dangerous schemes","status":"passed","title":"rejects dangerous schemes","duration":1.9645850000015344,"failureMessages":[],"meta":{},"tags":[]},{"ancestorTitles":["sanitizeNextPath"],"fullName":"sanitizeNextPath allows query strings on locale paths (e.g. odd encoded substrings)","status":"passed","title":"allows query strings on locale paths (e.g. odd encoded substrings)","duration":1.1334619999997813,"failureMessages":[],"meta":{},"tags":[]}],"startTime":1778132709552,"endTime":1778132709626.1335,"status":"passed","message":"","name":"/Users/ry/code/wev/wev-bulletin/lib/auth/sanitize-next-path.test.ts"},{"assertionResults":[{"ancestorTitles":["fetchUserRolesFromService"],"fullName":"fetchUserRolesFromService returns ok with parsed roles on success","status":"passed","title":"returns ok with parsed roles on success","duration":39.934768999999505,"failureMessages":[],"meta":{},"tags":[]},{"ancestorTitles":["fetchUserRolesFromService"],"fullName":"fetchUserRolesFromService returns not ok when PostgREST returns an error","status":"passed","title":"returns not ok when PostgREST returns an error","duration":12.752265000000989,"failureMessages":[],"meta":{},"tags":[]},{"ancestorTitles":["fetchUserRolesFromService"],"fullName":"fetchUserRolesFromService returns not ok when the db call throws","status":"passed","title":"returns not ok when the db call throws","duration":2.6229389999989507,"failureMessages":[],"meta":{},"tags":[]}],"startTime":1778132710437,"endTime":1778132710493.623,"status":"passed","message":"","name":"/Users/ry/code/wev/wev-bulletin/lib/auth/server-user-roles.test.ts"},{"assertionResults":[{"ancestorTitles":["parseRolesColumn"],"fullName":"parseRolesColumn returns default user role for non-arrays","status":"passed","title":"returns default user role for non-arrays","duration":44.58505499999956,"failureMessages":[],"meta":{},"tags":[]},{"ancestorTitles":["parseRolesColumn"],"fullName":"parseRolesColumn parses string array, trims, dedupes","status":"passed","title":"parses string array, trims, dedupes","duration":2.447641000000658,"failureMessages":[],"meta":{},"tags":[]},{"ancestorTitles":["parseRolesColumn"],"fullName":"parseRolesColumn returns user when array is empty after filtering","status":"passed","title":"returns user when array is empty after filtering","duration":14.783693999999741,"failureMessages":[],"meta":{},"tags":[]},{"ancestorTitles":["rolesIncludeAdmin"],"fullName":"rolesIncludeAdmin is case-insensitive","status":"passed","title":"is case-insensitive","duration":2.5731099999993603,"failureMessages":[],"meta":{},"tags":[]},{"ancestorTitles":["rolesIncludeAdmin"],"fullName":"rolesIncludeAdmin returns false without admin","status":"passed","title":"returns false without admin","duration":1.9113020000004326,"failureMessages":[],"meta":{},"tags":[]},{"ancestorTitles":["rolesIncludeRole"],"fullName":"rolesIncludeRole matches role name case-insensitively","status":"passed","title":"matches role name case-insensitively","duration":2.6366329999982554,"failureMessages":[],"meta":{},"tags":[]},{"ancestorTitles":["rolesIncludeModerator and rolesIncludeStaff"],"fullName":"rolesIncludeModerator and rolesIncludeStaff detects moderator case-insensitively","status":"passed","title":"detects moderator case-insensitively","duration":1.7881890000007843,"failureMessages":[],"meta":{},"tags":[]},{"ancestorTitles":["rolesIncludeModerator and rolesIncludeStaff"],"fullName":"rolesIncludeModerator and rolesIncludeStaff staff is admin or moderator","status":"passed","title":"staff is admin or moderator","duration":1.5235700000012002,"failureMessages":[],"meta":{},"tags":[]}],"startTime":1778132701480,"endTime":1778132701554.5237,"status":"passed","message":"","name":"/Users/ry/code/wev/wev-bulletin/lib/auth/user-roles.test.ts"},{"assertionResults":[{"ancestorTitles":["PasswordVerifier","verify"],"fullName":"PasswordVerifier verify returns successfully for valid credentials","status":"passed","title":"returns successfully for valid credentials","duration":114.81584100000146,"failureMessages":[],"meta":{},"tags":[]},{"ancestorTitles":["PasswordVerifier","verify"],"fullName":"PasswordVerifier verify throws AuthenticationError for invalid credentials","status":"passed","title":"throws AuthenticationError for invalid credentials","duration":26.27125200000046,"failureMessages":[],"meta":{},"tags":[]},{"ancestorTitles":["PasswordVerifier","verify"],"fullName":"PasswordVerifier verify throws AuthenticationError with NO_PASSWORD_SET code for users without passwords","status":"passed","title":"throws AuthenticationError with NO_PASSWORD_SET code for users without passwords","duration":3.4670210000003863,"failureMessages":[],"meta":{},"tags":[]},{"ancestorTitles":["PasswordVerifier","verify"],"fullName":"PasswordVerifier verify throws AuthenticationError for RPC error","status":"passed","title":"throws AuthenticationError for RPC error","duration":1.939673999999286,"failureMessages":[],"meta":{},"tags":[]},{"ancestorTitles":["PasswordVerifier","input validation"],"fullName":"PasswordVerifier input validation detects no_password even for empty password","status":"passed","title":"detects no_password even for empty password","duration":2.65481600000021,"failureMessages":[],"meta":{},"tags":[]},{"ancestorTitles":["PasswordVerifier","input validation"],"fullName":"PasswordVerifier input validation rejects empty password if account has a password","status":"passed","title":"rejects empty password if account has a password","duration":3.1283800000001065,"failureMessages":[],"meta":{},"tags":[]},{"ancestorTitles":["PasswordVerifier","input validation"],"fullName":"PasswordVerifier input validation rejects password shorter than 8 characters if account has a password","status":"passed","title":"rejects password shorter than 8 characters if account has a password","duration":4.266218999999182,"failureMessages":[],"meta":{},"tags":[]}],"startTime":1778132687549,"endTime":1778132687731.266,"status":"passed","message":"","name":"/Users/ry/code/wev/wev-bulletin/lib/account/password-verifier.test.ts"},{"assertionResults":[{"ancestorTitles":["bulletin client-data helpers"],"fullName":"bulletin client-data helpers formats scrape timestamps for the bulletin header","status":"passed","title":"formats scrape timestamps for the bulletin header","duration":384.1000970000023,"failureMessages":[],"meta":{},"tags":[]},{"ancestorTitles":["bulletin client-data helpers"],"fullName":"bulletin client-data helpers returns null when no scrape timestamp is available","status":"passed","title":"returns null when no scrape timestamp is available","duration":21.302276999998867,"failureMessages":[],"meta":{},"tags":[]},{"ancestorTitles":["bulletin client-data helpers"],"fullName":"bulletin client-data helpers fetches bookmarked job ids for the current user","status":"passed","title":"fetches bookmarked job ids for the current user","duration":70.067579999999,"failureMessages":[],"meta":{},"tags":[]}],"startTime":1778132664929,"endTime":1778132665405.0676,"status":"passed","message":"","name":"/Users/ry/code/wev/wev-bulletin/lib/bulletin/client-data.test.ts"},{"assertionResults":[{"ancestorTitles":["bulletin filter option helpers"],"fullName":"bulletin filter option helpers builds sorted filter options from jobs","status":"passed","title":"builds sorted filter options from jobs","duration":17.689508999999816,"failureMessages":[],"meta":{},"tags":[]},{"ancestorTitles":["bulletin filter option helpers"],"fullName":"bulletin filter option helpers toggles province selection alongside its municipalities","status":"passed","title":"toggles province selection alongside its municipalities","duration":7.942888999999923,"failureMessages":[],"meta":{},"tags":[]},{"ancestorTitles":["bulletin filter option helpers"],"fullName":"bulletin filter option helpers derives visible municipalities, all municipalities, and indeterminate provinces","status":"passed","title":"derives visible municipalities, all municipalities, and indeterminate provinces","duration":8.409631000000445,"failureMessages":[],"meta":{},"tags":[]}],"startTime":1778132716371,"endTime":1778132716405.4097,"status":"passed","message":"","name":"/Users/ry/code/wev/wev-bulletin/lib/bulletin/filter-options.test.ts"},{"assertionResults":[{"ancestorTitles":["job query helpers"],"fullName":"job query helpers filters jobs by search, source, SSE, and posted date","status":"passed","title":"filters jobs by search, source, SSE, and posted date","duration":49.07487100000071,"failureMessages":[],"meta":{},"tags":[]},{"ancestorTitles":["job query helpers"],"fullName":"job query helpers excludes jobs with null province and municipality when location filters are applied","status":"passed","title":"excludes jobs with null province and municipality when location filters are applied","duration":6.07229599999846,"failureMessages":[],"meta":{},"tags":[]},{"ancestorTitles":["job query helpers"],"fullName":"job query helpers sorts jobs by match score and salary","status":"passed","title":"sorts jobs by match score and salary","duration":14.360827000000427,"failureMessages":[],"meta":{},"tags":[]}],"startTime":1778132717905,"endTime":1778132717974.3608,"status":"passed","message":"","name":"/Users/ry/code/wev/wev-bulletin/lib/bulletin/job-query.test.ts"},{"assertionResults":[{"ancestorTitles":["Property 9: Sort Stability for Unstructured Jobs"],"fullName":"Property 9: Sort Stability for Unstructured Jobs 'salary-desc': unstructured jobs appear after structured — 'one structured, one unstructured'","status":"passed","title":"'salary-desc': unstructured jobs appear after structured — 'one structured, one unstructured'","duration":34.623272999999244,"failureMessages":[],"meta":{},"tags":[]},{"ancestorTitles":["Property 9: Sort Stability for Unstructured Jobs"],"fullName":"Property 9: Sort Stability for Unstructured Jobs 'salary-asc': unstructured jobs appear after structured — 'one structured, one unstructured'","status":"passed","title":"'salary-asc': unstructured jobs appear after structured — 'one structured, one unstructured'","duration":3.0660449999995762,"failureMessages":[],"meta":{},"tags":[]},{"ancestorTitles":["Property 9: Sort Stability for Unstructured Jobs"],"fullName":"Property 9: Sort Stability for Unstructured Jobs 'salary-desc': unstructured jobs appear after structured — 'multiple structured, multiple unstruc…'","status":"passed","title":"'salary-desc': unstructured jobs appear after structured — 'multiple structured, multiple unstruc…'","duration":1.7046269999991637,"failureMessages":[],"meta":{},"tags":[]},{"ancestorTitles":["Property 9: Sort Stability for Unstructured Jobs"],"fullName":"Property 9: Sort Stability for Unstructured Jobs 'salary-asc': unstructured jobs appear after structured — 'multiple structured, multiple unstruc…'","status":"passed","title":"'salary-asc': unstructured jobs appear after structured — 'multiple structured, multiple unstruc…'","duration":1.6842070000002423,"failureMessages":[],"meta":{},"tags":[]},{"ancestorTitles":["Property 9: Sort Stability for Unstructured Jobs"],"fullName":"Property 9: Sort Stability for Unstructured Jobs 'salary-desc': unstructured jobs appear after structured — 'hourly structured jobs with unstructu…'","status":"passed","title":"'salary-desc': unstructured jobs appear after structured 
[...]
er/dist/chunk-artifact.js:1889:10)\n    at Object.collect (file:///Users/ry/code/wev/node_modules/@vitest/runner/dist/chunk-artifact.js:1893:54)\n    at processTicksAndRejections (node:internal/process/task_queues:103:5)"],"meta":{},"tags":[]},{"ancestorTitles":["ProfilePage skills integration"],"fullName":"ProfilePage skills integration blocks save and shows error when skills exceed limit","status":"failed","title":"blocks save and shows error when skills exceed limit","duration":15828.154343999995,"failureMessages":["Error: STACK_TRACE_ERROR\n    at task (file:///Users/ry/code/wev/node_modules/@vitest/runner/dist/chunk-artifact.js:1784:27)\n    at Object.<anonymous> (file:///Users/ry/code/wev/node_modules/@vitest/runner/dist/chunk-artifact.js:1817:16)\n    at Object.<anonymous> (file:///Users/ry/code/wev/node_modules/@vitest/runner/dist/chunk-artifact.js:1563:28)\n    at chain (file:///Users/ry/code/wev/node_modules/@vitest/runner/dist/chunk-artifact.js:599:14)\n    at /Users/ry/code/wev/wev-bulletin/app/[locale]/profile/page.test.tsx:263:3\n    at file:///Users/ry/code/wev/node_modules/@vitest/runner/dist/chunk-artifact.js:1889:40\n    at runWithSuite (file:///Users/ry/code/wev/node_modules/@vitest/runner/dist/chunk-artifact.js:2258:8)\n    at Object.collect (file:///Users/ry/code/wev/node_modules/@vitest/runner/dist/chunk-artifact.js:1889:10)\n    at Object.collect (file:///Users/ry/code/wev/node_modules/@vitest/runner/dist/chunk-artifact.js:1893:54)\n    at processTicksAndRejections (node:internal/process/task_queues:103:5)"],"meta":{},"tags":[]}],"startTime":1778132453468,"endTime":1778132502167.1543,"status":"failed","message":"","name":"/Users/ry/code/wev/wev-bulletin/app/[locale]/profile/page.test.tsx"},{"assertionResults":[{"ancestorTitles":["ResetPasswordPage"],"fullName":"ResetPasswordPage shows invalid link state when there is no session","status":"passed","title":"shows invalid link state when there is no session","duration":6509.821551000001,"failureMessages":[],"meta":{},"tags":[]},{"ancestorTitles":["ResetPasswordPage"],"fullName":"ResetPasswordPage updates password and redirects on success","status":"passed","title":"updates password and redirects on success","duration":7034.7538270000005,"failureMessages":[],"meta":{},"tags":[]},{"ancestorTitles":["ResetPasswordPage"],"fullName":"ResetPasswordPage shows weak password error when strength is not acceptable","status":"passed","title":"shows weak password error when strength is not acceptable","duration":3365.6532699999952,"failureMessages":[],"meta":{},"tags":[]},{"ancestorTitles":["ResetPasswordPage"],"fullName":"ResetPasswordPage shows mismatch error when passwords differ","status":"passed","title":"shows mismatch error when passwords differ","duration":5092.337526000003,"failureMessages":[],"meta":{},"tags":[]},{"ancestorTitles":["ResetPasswordPage"],"fullName":"ResetPasswordPage shows update error when updateUser fails","status":"passed","title":"shows update error when updateUser fails","duration":4749.961744,"failureMessages":[],"meta":{},"tags":[]}],"startTime":1778132449482,"endTime":1778132476234.9617,"status":"passed","message":"","name":"/Users/ry/code/wev/wev-bulletin/app/[locale]/reset-password/page.test.tsx"},{"assertionResults":[{"ancestorTitles":["SignupPage"],"fullName":"SignupPage shows the inline success state after signup","status":"failed","title":"shows the inline success state after signup","duration":16143.075873999998,"failureMessages":["Error: STACK_TRACE_ERROR\n    at task (file:///Users/ry/code/wev/node_modules/@vitest/runner/dist/chunk-artifact.js:1784:27)\n    at Object.<anonymous> (file:///Users/ry/code/wev/node_modules/@vitest/runner/dist/chunk-artifact.js:1817:16)\n    at Object.<anonymous> (file:///Users/ry/code/wev/node_modules/@vitest/runner/dist/chunk-artifact.js:1563:28)\n    at chain (file:///Users/ry/code/wev/node_modules/@vitest/runner/dist/chunk-artifact.js:599:14)\n    at /Users/ry/code/wev/wev-bulletin/app/[locale]/signup/page.test.tsx:40:3\n    at file:///Users/ry/code/wev/node_modules/@vitest/runner/dist/chunk-artifact.js:1889:40\n    at runWithSuite (file:///Users/ry/code/wev/node_modules/@vitest/runner/dist/chunk-artifact.js:2258:8)\n    at Object.collect (file:///Users/ry/code/wev/node_modules/@vitest/runner/dist/chunk-artifact.js:1889:10)\n    at Object.collect (file:///Users/ry/code/wev/node_modules/@vitest/runner/dist/chunk-artifact.js:1893:54)\n    at processTicksAndRejections (node:internal/process/task_queues:103:5)"],"meta":{},"tags":[]}],"startTime":1778132547756,"endTime":1778132563899.076,"status":"failed","message":"","name":"/Users/ry/code/wev/wev-bulletin/app/[locale]/signup/page.test.tsx"},{"assertionResults":[{"ancestorTitles":["/api/account PATCH"],"fullName":"/api/account PATCH requires authentication","status":"passed","title":"requires authentication","duration":202.77514800000063,"failureMessages":[],"meta":{},"tags":[]},{"ancestorTitles":["/api/account PATCH"],"fullName":"/api/account PATCH requires the current password","status":"passed","title":"requires the current password","duration":56.78449599999658,"failureMessages":[],"meta":{},"tags":[]},{"ancestorTitles":["/api/account PATCH"],"fullName":"/api/account PATCH rejects an invalid current password","status":"passed","title":"rejects an invalid current password","duration":59.83630599999742,"failureMessages":[],"meta":{},"tags":[]},{"ancestorTitles":["/api/account PATCH"],"fullName":"/api/account PATCH returns a server error when password verification fails for other reasons","status":"passed","title":"returns a server error when password verification fails for other reasons","duration":5.951624999997875,"failureMessages":[],"meta":{},"tags":[]},{"ancestorTitles":["/api/account PATCH"],"fullName":"/api/account PATCH updates the password when the current password is valid","status":"passed","title":"updates the password when the current password is valid","duration":71.84122899999784,"failureMessages":[],"meta":{},"tags":[]}],"startTime":1778132667095,"endTime":1778132667493.8413,"status":"passed","message":"","name":"/Users/ry/code/wev/wev-bulletin/app/api/account/route.test.ts"},{"assertionResults":[{"ancestorTitles":["GET /api/bookmarks (handler contract)"],"fullName":"GET /api/bookmarks (handler contract) returns 401 when unauthenticated","status":"passed","title":"returns 401 when unauthenticated","duration":173.16304500000115,"failureMessages":[],"meta":{},"tags":[]},{"ancestorTitles":["GET /api/bookmarks (handler contract)"],"fullName":"GET /api/bookmarks (handler contract) returns bookmarked jobs JSON for an authenticated user","status":"passed","title":"returns bookmarked jobs JSON for an authenticated user","duration":83.87883099999817,"failureMessages":[],"meta":{},"tags":[]},{"ancestorTitles":["GET /api/bookmarks (handler contract)"],"fullName":"GET /api/bookmarks (handler contract) returns 500 when bookmark lookup fails","status":"passed","title":"returns 500 when bookmark lookup fails","duration":6.46252000000095,"failureMessages":[],"meta":{},"tags":[]},{"ancestorTitles":["GET /api/bookmarks (handler contract)"],"fullName":"GET /api/bookmarks (handler contract) returns jobs ordered by bookmark recency","status":"passed","title":"returns jobs ordered by bookmark recency","duration":7.839717999999266,"failureMessages":[],"meta":{},"tags":[]},{"ancestorTitles":["GET /api/bookmarks (handler contract)"],"fullName":"GET /api/bookmarks (handler contract) returns 500 when jobs lookup fails","status":"passed","title":"returns 500 when jobs lookup fails","duration":5.613173000001552,"failureMessages":[],"meta":{},"tags":[]}],"startTime":1778132654825,"endTime":1778132655103.6133,"status":"passed","message":"","name":"/Users/ry/code/wev/wev-bulletin/app/api/bookmarks/route.integration.test.ts"},{"assertionResults":[{"ancestorTitles":["GET /api/bulletin (handler contract)"],"fullName":"GET /api/bulletin (handler contract) returns JSON and Cache-Control with locale from query","status":"passed","title":"returns JSON and Cache-Control with locale from query","duration":193.1131889999997,"failureMessages":[],"meta":{},"tags":[]},{"ancestorTitles":["GET /api/bulletin (handler contract)"],"fullName":"GET /api/bulletin (handler contract) clamps pagination params to bounded safe values","status":"passed","title":"clamps pagination params to bounded safe values","duration":24.51456799999869,"failureMessages":[],"meta":{},"tags":[]},{"ancestorTitles":["GET /api/bulletin (handler contract)"],"fullName":"GET /api/bulletin (handler contract) uses locale-aware websearch FTS and skips empty search text","status":"passed","title":"uses locale-aware websearch FTS and skips empty search text","duration":78.92622399999891,"failureMessages":[],"meta":{},"tags":[]},{"ancestorTitles":["GET /api/bulletin (handler contract)"],"fullName":"GET /api/bulletin (handler contract) falls back to legacy fts column when locale-aware FTS columns are unavailable","status":"passed","title":"falls back to legacy fts column when locale-aware FTS columns are unavailable","duration":4.855546999999206,"failureMessages":[],"meta":{},"tags":[]},{"ancestorTitles":["GET /api/bulletin (handler contract)"],"fullName":"GET /api/bulletin (handler contract) translates sort and filters into query-chain calls","status":"passed","title":"translates sort and filters into query-chain calls","duration":68.19104599999991,"failureMessages":[],"meta":{},"tags":[]},{"ancestorTitles":["GET /api/bulletin (handler contract)"],"fullName":"GET /api/bulletin (handler contract) returns 500 when fetch throws","status":"passed","title":"returns 500 when fetch throws","duration":8.648410999998305,"failureMessages":[],"meta":{},"tags":[]}],"startTime":1778132655101,"endTime":1778132655480.6484,"status":"passed","message":"","name":"/Users/ry/code/wev/wev-bulletin/app/api/bulletin/route.integration.test.ts"},{"assertionResults":[{"ancestorTitles":["POST /api/revalidate-jobs"],"fullName":"POST /api/revalidate-jobs returns 503 when revalidation secret is not configured","status":"passed","title":"returns 503 when revalidation secret is not configured","duration":2557.2534719999967,"failureMessages":[],"meta":{},"tags":[]},{"ancestorTitles":["POST /api/revalidate-jobs"],"fullName":"POST /api/revalidate-jobs returns 401 when bearer token is invalid","status":"passed","title":"returns 401 when bearer token is invalid","duration":61.83524700000271,"failureMessages":[],"meta":{},"tags":[]},{"ancestorTitles":["POST /api/revalidate-jobs"],"fullName":"POST /api/revalidate-jobs revalidates tag and bulletin paths when authorized","status":"passed","title":"revalidates tag and bulletin paths when authorized","duration":71.06913600000189,"failureMessages":[],"meta":{},"tags":[]}],"startTime":1778132624768,"endTime":1778132627458.069,"status":"passed","message":"","name":"/Users/ry/code/wev/wev-bulletin/app/api/revalidate-jobs/route.test.ts"},{"assertionResults":[{"ancestorTitles":["/api/account/delete"],"fullName":"/api/account/delete should require authentication","status":"passed","title":"should require authentication","duration":112.87605499999881,"failureMessages":[],"meta":{},"tags":[]},{"ancestorTitles":["/api/account/delete"],"fullName":"/api/account/delete should require password","status":"passed","title":"should require password","duration":12.860434000000168,"failureMessages":[],"meta":{},"tags":[]},{"ancestorTitles":["/api/account/delete"],"fullName":"/api/account/delete should reject an invalid password","status":"passed","title":"should reject an invalid password","duration":28.343888999999763,"failureMessages":[],"meta":{},"tags":[]},{"ancestorTitles":["/api/account/delete"],"fullName":"/api/account/delete should return a server error when password verification fails for other reasons","status":"passed","title":"should return a server error when password verification fails for other reasons","duration":5.817049999999654,"failureMessages":[],"meta":{},"tags":[]},{"ancestorTitles":["/api/account/delete"],"fullName":"/api/account/delete should successfully delete account with a valid password","status":"passed","title":"should successfully delete account with a valid password","duration":17.936196000000564,"failureMessages":[],"meta":{},"tags":[]}],"startTime":1778132695996,"endTime":1778132696174.9363,"status":"passed","message":"","name":"/Users/ry/code/wev/wev-bulletin/app/api/account/delete/route.test.ts"},{"assertionResults":[{"ancestorTitles":["GET /api/auth/roles"],"fullName":"GET /api/auth/roles returns 401 with default roles when the request is unauthenticated","status":"passed","title":"returns 401 with default roles when the request is unauthenticated","duration":68.71192900000096,"failureMessages":[],"meta":{},"tags":[]},{"ancestorTitles":["GET /api/auth/roles"],"fullName":"GET /api/auth/roles falls back to default user role and logs a warning when role loading fails","status":"passed","title":"falls back to default user role and logs a warning when role loading fails","duration":37.693545000000086,"failureMessages":[],"meta":{},"tags":[]},{"ancestorTitles":["GET /api/auth/roles"],"fullName":"GET /api/auth/roles returns loaded roles for an authenticated user","status":"passed","title":"returns loaded roles for an authenticated user","duration":17.96484000000055,"failureMessages":[],"meta":{},"tags":[]}],"startTime":1778132695012,"endTime":1778132695123.9648,"status":"passed","message":"","name":"/Users/ry/code/wev/wev-bulletin/app/api/auth/roles/route.test.ts"},{"assertionResults":[{"ancestorTitles":["GET /api/github/status"],"fullName":"GET /api/github/status returns 401 when not admin","status":"passed","title":"returns 401 when not admin","duration":155.3461529999986,"failureMessages":[],"meta":{},"tags":[]},{"ancestorTitles":["GET /api/github/status"],"fullName":"GET /api/github/status returns workflow status when admin","status":"passed","title":"returns workflow status when admin","duration":12.812905999999202,"failureMessages":[],"meta":{},"tags":[]}],"startTime":1778132672859,"endTime":1778132673038.813,"status":"passed","message":"","name":"/Users/ry/code/wev/wev-bulletin/app/api/github/status/route.test.ts"},{"assertionResults":[{"ancestorTitles":["POST /api/github/workflow"],"fullName":"POST /api/github/workflow returns admin gate without calling GitHub","status":"passed","title":"returns admin gate without calling GitHub","duration":78.88151099999959,"failureMessages":[],"meta":{},"tags":[]},{"ancestorTitles":["POST /api/github/workflow"],"fullName":"POST /api/github/workflow returns 500 when GitHub token is missing","status":"passed","title":"returns 500 when GitHub token is missing","duration":31.759100000001126,"failureMessages":[],"meta":{},"tags":[]},{"ancestorTitles":["POST /api/github/workflow"],"fullName":"POST /api/github/workflow dispatches workflow when admin and GitHub succeeds","status":"passed","title":"dispatches workflow when admin and GitHub succeeds","duration":6.2235340000006545,"failureMessages":[],"meta":{},"tags":[]}],"startTime":1778132707368,"endTime":1778132707485.2236,"status":"passed","message":"","name":"/Users/ry/code/wev/wev-bulletin/app/api/github/workflow/route.test.ts"},{"assertionResults":[{"ancestorTitles":["POST /api/matches/calculate-job"],"fullName":"POST /api/matches/calculate-job returns admin gate without calculating matches","status":"passed","title":"returns admin gate without calculating matches","duration":128.59903099999792,"failureMessages":[],"meta":{},"tags":[]},{"ancestorTitles":["POST /api/matches/calculate-job"],"fullName":"POST /api/matches/calculate-job calculates matches when admin and job exists","status":"passed","title":"calculates matches when admin and job exists","duration":94.14511700000003,"failureMessages":[],"meta":{},"tags":[]},{"ancestorTitles":["POST /api/matches/calculate-job"],"fullName":"POST /api/matches/calculate-job returns 400 when jobId is missing","status":"passed","title":"returns 400 when jobId is missing","duration":4.972552999999607,"failureMessages":[],"meta":{},"tags":[]},{"ancestorTitles":["POST /api/matches/calculate-job"],"fullName":"POST /api/matches/calculate-job returns 404 when job not found","status":"passed","title":"returns 404 when job not found","duration":5.503925000000891,"failureMessages":[],"meta":{},"tags":[]}],"startTime":1778132666851,"endTime":1778132667084.504,"status":"passed","message":"","name":"/Users/ry/code/wev/wev-bulletin/app/api/matches/calculate-job/route.test.ts"},{"assertionResults":[{"ancestorTitles":["POST /api/matches/calculate-user"],"fullName":"POST /api/matches/calculate-user returns admin gate without calculating matches","status":"passed","title":"returns admin gate without calculating matches","duration":94.39701000000059,"failureMessages":[],"meta":{},"tags":[]},{"ancestorTitles":["POST /api/matches/calculate-user"],"fullName":"POST /api/matches/calculate-user calculates matches when admin and user exists","status":"passed","title":"calculates matches when admin and user exists","duration":81.37986500000079,"failureMessages":[],"meta":{},"tags":[]},{"ancestorTitles":["POST /api/matches/calculate-user"],"fullName":"POST /api/matches/calculate-user returns 400 when userId is missing","status":"passed","title":"returns 400 when userId is missing","duration":33.63674499999979,"failureMessages":[],"meta":{},"tags":[]},{"ancestorTitles":["POST /api/matches/calculate-user"],"fullName":"POST /api/matches/calculate-user returns 404 when profile not found","status":"passed","title":"returns 404 when profile not found","duration":7.657171000000744,"failureMessages":[],"meta":{},"tags":[]}],"startTime":1778132685401,"endTime":1778132685622.6572,"status":"passed","message":"","name":"/Users/ry/code/wev/wev-bulletin/app/api/matches/calculate-user/route.test.ts"},{"assertionResults":[{"ancestorTitles":["GET /api/skills/search"],"fullName":"GET /api/skills/search returns [] for empty/short query and does not call supabase","status":"passed","title":"returns [] for empty/short query and does not call supabase","duration":167.68612500000017,"failureMessages":[],"meta":{},"tags":[]},{"ancestorTitles":["GET /api/skills/search"],"fullName":"GET /api/skills/search ranks term matches above definition-only matches","status":"passed","title":"ranks term matches above definition-only matches","duration":9.852433000000019,"failureMessages":[],"meta":{},"tags":[]},{"ancestorTitles":["GET /api/skills/search"],"fullName":"GET /api/skills/search dedupes identical term+definition rows and keeps the highest-ranked one","status":"passed","title":"dedupes identical term+definition rows and keeps the highest-ranked one","duration":192.79247899999973,"failureMessages":[],"meta":{},"tags":[]}],"startTime":1778132672464,"endTime":1778132672834.7925,"status":"passed","message":"","name":"/Users/ry/code/wev/wev-bulletin/app/api/skills/search/route.test.ts"},{"assertionResults":[{"ancestorTitles":["PATCH /api/bulletin/jobs/[id]"],"fullName":"PATCH /api/bulletin/jobs/[id] returns the admin gate response when not authorized","status":"passed","title":"returns the admin gate response when not authorized","duration":131.54865399999835,"failureMessages":[],"meta":{},"tags":[]},{"ancestorTitles":["PATCH /api/bulletin/jobs/[id]"],"fullName":"PATCH /api/bulletin/jobs/[id] updates is_sse when admin and body is valid","status":"passed","title":"updates is_sse when admin and body is valid","duration":60.79855199999838,"failureMessages":[],"meta":{},"tags":[]},{"ancestorTitles":["PATCH /api/bulletin/jobs/[id]"],"fullName":"PATCH /api/bulletin/jobs/[id] returns 400 when is_sse is not a boolean","status":"passed","title":"returns 400 when is_sse is not a boolean","duration":20.668987999999445,"failureMessages":[],"meta":{},"tags":[]}],"startTime":1778132699160,"endTime":1778132699373.669,"status":"passed","message":"","name":"/Users/ry/code/wev/wev-bulletin/app/api/bulletin/jobs/[id]/route.test.ts"}]}