============================= test session starts ==============================
platform darwin -- Python 3.11.7, pytest-9.1.1, pluggy-1.6.0
rootdir: /Users/ry/code/wev/wev-scraper
configfile: pytest.ini
plugins: mock-3.15.1, cov-7.1.0, anyio-4.14.1, hypothesis-6.156.1, typeguard-4.6.0
collected 588 items

scrapers/base_feed_test.py ...........                                   [  1%]
scrapers/centraide_test.py .....                                         [  2%]
scrapers/charityvillage_test.py .......................                  [  6%]
scrapers/csi_test.py .......                                             [  7%]
scrapers/cwc_test.py .......                                             [  9%]
scrapers/ecocanada_test.py .........                                     [ 10%]
scrapers/goodwork_test.py .....                                          [ 11%]
scrapers/macommunaute_test.py .....                                      [ 12%]
tests/test_backfill_compensation.py .....                                [ 13%]
tests/test_backfill_organization_ids.py ...............                  [ 15%]
tests/test_base.py ...................................................   [ 24%]
tests/test_base_sse.py .                                                 [ 24%]
tests/test_coco.py ..                                                    [ 24%]
tests/test_compensation.py ....................                          [ 28%]
tests/test_date_utils.py .......                                         [ 29%]
tests/test_db_compensation.py .........                                  [ 30%]
tests/test_dedup.py ...............                                      [ 33%]
tests/test_extract_salary.py ..............................              [ 38%]
tests/test_factory.py ...                                                [ 39%]
tests/test_groq.py ..........                                            [ 40%]
tests/test_jina_embedding.py .....                                       [ 41%]
tests/test_job_values_tagger.py ........                                 [ 43%]
tests/test_llm_config.py ...                                             [ 43%]
tests/test_llm_location_extractor.py ..                                  [ 43%]
tests/test_llm_providers.py .....                                        [ 44%]
tests/test_local_grounded.py ......                                      [ 45%]
tests/test_location_parser.py ...............                            [ 48%]
tests/test_merge_duplicate_organizations.py ..............               [ 50%]
tests/test_municipality_canonical.py ..........                          [ 52%]
tests/test_organization_assessment.py ............................       [ 57%]
tests/test_organization_cache.py ................................        [ 62%]
tests/test_organization_language.py ...............                      [ 65%]
tests/test_organization_repository.py ...................                [ 68%]
tests/test_organization_resolver.py .................................... [ 74%]
....                                                                     [ 75%]
tests/test_registry.py ........                                          [ 76%]
tests/test_save_job.py .............                                     [ 78%]
tests/test_scrape.py .........................                           [ 82%]
tests/test_settings.py .......                                           [ 84%]
tests/test_slug.py ............................                          [ 88%]
tests/test_storage.py ....                                               [ 89%]
tests/test_tag_esco_skills_vector.py ..........                          [ 91%]
tests/test_tag_job_values.py .....                                       [ 92%]
tests/test_unified_post_processor.py ............                        [ 94%]
tests/test_url.py ................                                       [ 96%]
tests/test_url_utils.py ...                                              [ 97%]
tests/test_workinculture.py ...............                              [100%]

=============================== warnings summary ===============================
tests/test_base.py::test_start_browser
  /Users/ry/code/wev/wev-scraper/venv/lib/python3.11/site-packages/playwright_stealth/stealth.py:216: UserWarning: Stealth has already been applied to this page or context. Skipping duplicate application.
    warnings.warn(

tests/test_scrape.py::test_run_post_scrape_tasks_records_errors
  /Users/ry/code/wev/wev-scraper/venv/lib/python3.11/site-packages/supabase/_sync/client.py:309: DeprecationWarning: The 'timeout' parameter is deprecated. Please configure it in the http client instead.
    return SyncPostgrestClient(

tests/test_scrape.py::test_run_post_scrape_tasks_records_errors
  /Users/ry/code/wev/wev-scraper/venv/lib/python3.11/site-packages/supabase/_sync/client.py:309: DeprecationWarning: The 'verify' parameter is deprecated. Please configure it in the http client instead.
    return SyncPostgrestClient(

tests/test_scrape.py::test_handle_source_error
  /Users/ry/code/wev/wev-scraper/venv/lib/python3.11/site-packages/supabase/_sync/client.py:264: DeprecationWarning: The 'timeout' parameter is deprecated. Please configure it in the http client instead.
    return SyncStorageClient(

tests/test_scrape.py::test_handle_source_error
  /Users/ry/code/wev/wev-scraper/venv/lib/python3.11/site-packages/supabase/_sync/client.py:264: DeprecationWarning: The 'verify' parameter is deprecated. Please configure it in the http client instead.
    return SyncStorageClient(

-- Docs: https://docs.pytest.org/en/stable/how-to/capture-warnings.html
================= 588 passed, 5 warnings in 303.97s (0:05:03) ==================
