============================= test session starts ==============================
platform darwin -- Python 3.11.7, pytest-9.1.1, pluggy-1.6.0
rootdir: /Users/ry/code/wev/wev-scraper
configfile: pytest.ini
plugins: anyio-4.13.0
collected 462 items / 7 errors

==================================== ERRORS ====================================
_________________ ERROR collecting scrapers/base_feed_test.py __________________
ImportError while importing test module '/Users/ry/code/wev/wev-scraper/scrapers/base_feed_test.py'.
Hint: make sure your test modules/packages have valid Python names.
Traceback:
/usr/local/Cellar/python@3.11/3.11.7_1/Frameworks/Python.framework/Versions/3.11/lib/python3.11/importlib/__init__.py:126: in import_module
    return _bootstrap._gcd_import(name[level:], package, level)
           ^^^^^^^^^^^^^^^^^^^^^^^^^^^^^^^^^^^^^^^^^^^^^^^^^^^^
scrapers/base_feed_test.py:8: in <module>
    from scrapers.base_feed import BaseFeedScraper
scrapers/base_feed.py:4: in <module>
    import feedparser
E   ModuleNotFoundError: No module named 'feedparser'
____________________ ERROR collecting scrapers/cwc_test.py _____________________
ImportError while importing test module '/Users/ry/code/wev/wev-scraper/scrapers/cwc_test.py'.
Hint: make sure your test modules/packages have valid Python names.
Traceback:
/usr/local/Cellar/python@3.11/3.11.7_1/Frameworks/Python.framework/Versions/3.11/lib/python3.11/importlib/__init__.py:126: in import_module
    return _bootstrap._gcd_import(name[level:], package, level)
           ^^^^^^^^^^^^^^^^^^^^^^^^^^^^^^^^^^^^^^^^^^^^^^^^^^^^
scrapers/cwc_test.py:6: in <module>
    from scrapers.cwc import CWCScraper
scrapers/cwc.py:3: in <module>
    import feedparser
E   ModuleNotFoundError: No module named 'feedparser'
___________ ERROR collecting tests/test_backfill_organization_ids.py ___________
ImportError while importing test module '/Users/ry/code/wev/wev-scraper/tests/test_backfill_organization_ids.py'.
Hint: make sure your test modules/packages have valid Python names.
Traceback:
/usr/local/Cellar/python@3.11/3.11.7_1/Frameworks/Python.framework/Versions/3.11/lib/python3.11/importlib/__init__.py:126: in import_module
    return _bootstrap._gcd_import(name[level:], package, level)
           ^^^^^^^^^^^^^^^^^^^^^^^^^^^^^^^^^^^^^^^^^^^^^^^^^^^^
tests/test_backfill_organization_ids.py:9: in <module>
    from hypothesis import given, settings
E   ModuleNotFoundError: No module named 'hypothesis'
______________ ERROR collecting tests/test_organization_cache.py _______________
ImportError while importing test module '/Users/ry/code/wev/wev-scraper/tests/test_organization_cache.py'.
Hint: make sure your test modules/packages have valid Python names.
Traceback:
/usr/local/Cellar/python@3.11/3.11.7_1/Frameworks/Python.framework/Versions/3.11/lib/python3.11/importlib/__init__.py:126: in import_module
    return _bootstrap._gcd_import(name[level:], package, level)
           ^^^^^^^^^^^^^^^^^^^^^^^^^^^^^^^^^^^^^^^^^^^^^^^^^^^^
tests/test_organization_cache.py:10: in <module>
    from hypothesis import given, settings
E   ModuleNotFoundError: No module named 'hypothesis'
___________________ ERROR collecting tests/test_registry.py ____________________
ImportError while importing test module '/Users/ry/code/wev/wev-scraper/tests/test_registry.py'.
Hint: make sure your test modules/packages have valid Python names.
Traceback:
/usr/local/Cellar/python@3.11/3.11.7_1/Frameworks/Python.framework/Versions/3.11/lib/python3.11/importlib/__init__.py:126: in import_module
    return _bootstrap._gcd_import(name[level:], package, level)
           ^^^^^^^^^^^^^^^^^^^^^^^^^^^^^^^^^^^^^^^^^^^^^^^^^^^^
tests/test_registry.py:4: in <module>
    from scrapers.registry import (
scrapers/registry.py:8: in <module>
    from scrapers.cwc import CWCScraper
scrapers/cwc.py:3: in <module>
    import feedparser
E   ModuleNotFoundError: No module named 'feedparser'
____________________ ERROR collecting tests/test_scrape.py _____________________
ImportError while importing test module '/Users/ry/code/wev/wev-scraper/tests/test_scrape.py'.
Hint: make sure your test modules/packages have valid Python names.
Traceback:
/usr/local/Cellar/python@3.11/3.11.7_1/Frameworks/Python.framework/Versions/3.11/lib/python3.11/importlib/__init__.py:126: in import_module
    return _bootstrap._gcd_import(name[level:], package, level)
           ^^^^^^^^^^^^^^^^^^^^^^^^^^^^^^^^^^^^^^^^^^^^^^^^^^^^
tests/test_scrape.py:6: in <module>
    from scrape import ScraperOrchestrator, ScraperResults, initialize_runtime_env, main
scrape.py:18: in <module>
    from scrapers.registry import get_scraper_class, source_matches_slug
scrapers/registry.py:8: in <module>
    from scrapers.cwc import CWCScraper
scrapers/cwc.py:3: in <module>
    import feedparser
E   ModuleNotFoundError: No module named 'feedparser'
_____________________ ERROR collecting tests/test_slug.py ______________________
ImportError while importing test module '/Users/ry/code/wev/wev-scraper/tests/test_slug.py'.
Hint: make sure your test modules/packages have valid Python names.
Traceback:
/usr/local/Cellar/python@3.11/3.11.7_1/Frameworks/Python.framework/Versions/3.11/lib/python3.11/importlib/__init__.py:126: in import_module
    return _bootstrap._gcd_import(name[level:], package, level)
           ^^^^^^^^^^^^^^^^^^^^^^^^^^^^^^^^^^^^^^^^^^^^^^^^^^^^
tests/test_slug.py:10: in <module>
    from hypothesis import given, settings
E   ModuleNotFoundError: No module named 'hypothesis'
=========================== short test summary info ============================
ERROR scrapers/base_feed_test.py
ERROR scrapers/cwc_test.py
ERROR tests/test_backfill_organization_ids.py
ERROR tests/test_organization_cache.py
ERROR tests/test_registry.py
ERROR tests/test_scrape.py
ERROR tests/test_slug.py
!!!!!!!!!!!!!!!!!!! Interrupted: 7 errors during collection !!!!!!!!!!!!!!!!!!!!
============================== 7 errors in 14.91s ==============================
